2018-04-12 21:05:14.337 DEBUG 11720 --- [main] .b.l.ClasspathLoggingApplicationListener : Application started with classpath: [file:/C:/Program%20Files/Java/jdk1.8.0_74/jre/lib/charsets.jar, file:/C:/Program%20Files/Java/jdk1.8.0_74/jre/lib/deploy.jar, file:/C:/Program%20Files/Java/jdk1.8.0_74/jre/lib/ext/access-bridge-64.jar, file:/C:/Program%20Files/Java/jdk1.8.0_74/jre/lib/ext/cldrdata.jar, file:/C:/Program%20Files/Java/jdk1.8.0_74/jre/lib/ext/dnsns.jar, file:/C:/Program%20Files/Java/jdk1.8.0_74/jre/lib/ext/jaccess.jar, file:/C:/Program%20Files/Java/jdk1.8.0_74/jre/lib/ext/jfxrt.jar, file:/C:/Program%20Files/Java/jdk1.8.0_74/jre/lib/ext/localedata.jar, file:/C:/Program%20Files/Java/jdk1.8.0_74/jre/lib/ext/nashorn.jar, file:/C:/Program%20Files/Java/jdk1.8.0_74/jre/lib/ext/sunec.jar, file:/C:/Program%20Files/Java/jdk1.8.0_74/jre/lib/ext/sunjce_provider.jar, file:/C:/Program%20Files/Java/jdk1.8.0_74/jre/lib/ext/sunmscapi.jar, file:/C:/Program%20Files/Java/jdk1.8.0_74/jre/lib/ext/sunpkcs11.jar, file:/C:/Program%20Files/Java/jdk1.8.0_74/jre/lib/ext/zipfs.jar, file:/C:/Program%20Files/Java/jdk1.8.0_74/jre/lib/javaws.jar, file:/C:/Program%20Files/Java/jdk1.8.0_74/jre/lib/jce.jar, file:/C:/Program%20Files/Java/jdk1.8.0_74/jre/lib/jfr.jar, file:/C:/Program%20Files/Java/jdk1.8.0_74/jre/lib/jfxswt.jar, file:/C:/Program%20Files/Java/jdk1.8.0_74/jre/lib/jsse.jar, file:/C:/Program%20Files/Java/jdk1.8.0_74/jre/lib/management-agent.jar, file:/C:/Program%20Files/Java/jdk1.8.0_74/jre/lib/plugin.jar, file:/C:/Program%20Files/Java/jdk1.8.0_74/jre/lib/resources.jar, file:/C:/Program%20Files/Java/jdk1.8.0_74/jre/lib/rt.jar, file:/F:/Code/GitHub/gym-course/target/classes/, file:/C:/Users/lphnl/.m2/repository/org/springframework/boot/spring-boot-starter-web/1.5.9.RELEASE/spring-boot-starter-web-1.5.9.RELEASE.jar, file:/C:/Users/lphnl/.m2/repository/org/springframework/boot/spring-boot-starter/1.5.9.RELEASE/spring-boot-starter-1.5.9.RELEASE.jar, file:/C:/Users/lphnl/.m2/repository/org/springframework/boot/spring-boot/1.5.9.RELEASE/spring-boot-1.5.9.RELEASE.jar, file:/C:/Users/lphnl/.m2/repository/org/springframework/boot/spring-boot-starter-logging/1.5.9.RELEASE/spring-boot-starter-logging-1.5.9.RELEASE.jar, file:/C:/Users/lphnl/.m2/repository/ch/qos/logback/logback-classic/1.1.11/logback-classic-1.1.11.jar, file:/C:/Users/lphnl/.m2/repository/ch/qos/logback/logback-core/1.1.11/logback-core-1.1.11.jar, file:/C:/Users/lphnl/.m2/repository/org/slf4j/jcl-over-slf4j/1.7.25/jcl-over-slf4j-1.7.25.jar, file:/C:/Users/lphnl/.m2/repository/org/slf4j/jul-to-slf4j/1.7.25/jul-to-slf4j-1.7.25.jar, file:/C:/Users/lphnl/.m2/repository/org/slf4j/log4j-over-slf4j/1.7.25/log4j-over-slf4j-1.7.25.jar, file:/C:/Users/lphnl/.m2/repository/org/yaml/snakeyaml/1.17/snakeyaml-1.17.jar, file:/C:/Users/lphnl/.m2/repository/org/springframework/boot/spring-boot-starter-tomcat/1.5.9.RELEASE/spring-boot-starter-tomcat-1.5.9.RELEASE.jar, file:/C:/Users/lphnl/.m2/repository/org/apache/tomcat/embed/tomcat-embed-core/8.5.23/tomcat-embed-core-8.5.23.jar, file:/C:/Users/lphnl/.m2/repository/org/apache/tomcat/tomcat-annotations-api/8.5.23/tomcat-annotations-api-8.5.23.jar, file:/C:/Users/lphnl/.m2/repository/org/apache/tomcat/embed/tomcat-embed-el/8.5.23/tomcat-embed-el-8.5.23.jar, file:/C:/Users/lphnl/.m2/repository/org/apache/tomcat/embed/tomcat-embed-websocket/8.5.23/tomcat-embed-websocket-8.5.23.jar, file:/C:/Users/lphnl/.m2/repository/org/hibernate/hibernate-validator/5.3.6.Final/hibernate-validator-5.3.6.Final.jar, file:/C:/Users/lphnl/.m2/repository/javax/validation/validation-api/1.1.0.Final/validation-api-1.1.0.Final.jar, file:/C:/Users/lphnl/.m2/repository/org/jboss/logging/jboss-logging/3.3.1.Final/jboss-logging-3.3.1.Final.jar, file:/C:/Users/lphnl/.m2/repository/com/fasterxml/jackson/core/jackson-databind/2.8.10/jackson-databind-2.8.10.jar, file:/C:/Users/lphnl/.m2/repository/com/fasterxml/jackson/core/jackson-annotations/2.8.0/jackson-annotations-2.8.0.jar, file:/C:/Users/lphnl/.m2/repository/com/fasterxml/jackson/core/jackson-core/2.8.10/jackson-core-2.8.10.jar, file:/C:/Users/lphnl/.m2/repository/org/springframework/spring-web/4.3.13.RELEASE/spring-web-4.3.13.RELEASE.jar, file:/C:/Users/lphnl/.m2/repository/org/springframework/spring-aop/4.3.13.RELEASE/spring-aop-4.3.13.RELEASE.jar, file:/C:/Users/lphnl/.m2/repository/org/springframework/spring-beans/4.3.13.RELEASE/spring-beans-4.3.13.RELEASE.jar, file:/C:/Users/lphnl/.m2/repository/org/springframework/spring-context/4.3.13.RELEASE/spring-context-4.3.13.RELEASE.jar, file:/C:/Users/lphnl/.m2/repository/org/springframework/spring-webmvc/4.3.13.RELEASE/spring-webmvc-4.3.13.RELEASE.jar, file:/C:/Users/lphnl/.m2/repository/org/springframework/spring-expression/4.3.13.RELEASE/spring-expression-4.3.13.RELEASE.jar, file:/C:/Users/lphnl/.m2/repository/org/springframework/boot/spring-boot-starter-jdbc/1.5.9.RELEASE/spring-boot-starter-jdbc-1.5.9.RELEASE.jar, file:/C:/Users/lphnl/.m2/repository/org/apache/tomcat/tomcat-jdbc/8.5.23/tomcat-jdbc-8.5.23.jar, file:/C:/Users/lphnl/.m2/repository/org/apache/tomcat/tomcat-juli/8.5.23/tomcat-juli-8.5.23.jar, file:/C:/Users/lphnl/.m2/repository/org/springframework/spring-jdbc/4.3.13.RELEASE/spring-jdbc-4.3.13.RELEASE.jar, file:/C:/Users/lphnl/.m2/repository/org/springframework/spring-tx/4.3.13.RELEASE/spring-tx-4.3.13.RELEASE.jar, file:/C:/Users/lphnl/.m2/repository/org/springframework/spring-core/4.3.13.RELEASE/spring-core-4.3.13.RELEASE.jar, file:/C:/Users/lphnl/.m2/repository/commons-codec/commons-codec/1.10/commons-codec-1.10.jar, file:/C:/Users/lphnl/.m2/repository/org/apache/commons/commons-lang3/3.6/commons-lang3-3.6.jar, file:/C:/Users/lphnl/.m2/repository/com/google/guava/guava/23.0/guava-23.0.jar, file:/C:/Users/lphnl/.m2/repository/com/google/code/findbugs/jsr305/1.3.9/jsr305-1.3.9.jar, file:/C:/Users/lphnl/.m2/repository/com/google/errorprone/error_prone_annotations/2.0.18/error_prone_annotations-2.0.18.jar, file:/C:/Users/lphnl/.m2/repository/com/google/j2objc/j2objc-annotations/1.1/j2objc-annotations-1.1.jar, file:/C:/Users/lphnl/.m2/repository/org/codehaus/mojo/animal-sniffer-annotations/1.14/animal-sniffer-annotations-1.14.jar, file:/C:/Users/lphnl/.m2/repository/mysql/mysql-connector-java/5.1.44/mysql-connector-java-5.1.44.jar, file:/C:/Users/lphnl/.m2/repository/org/mybatis/mybatis-spring/1.3.1/mybatis-spring-1.3.1.jar, file:/C:/Users/lphnl/.m2/repository/org/mybatis/mybatis/3.4.5/mybatis-3.4.5.jar, file:/C:/Users/lphnl/.m2/repository/tk/mybatis/mapper/3.4.2/mapper-3.4.2.jar, file:/C:/Users/lphnl/.m2/repository/javax/persistence/persistence-api/1.0/persistence-api-1.0.jar, file:/C:/Users/lphnl/.m2/repository/com/github/pagehelper/pagehelper/4.2.1/pagehelper-4.2.1.jar, file:/C:/Users/lphnl/.m2/repository/com/github/jsqlparser/jsqlparser/0.9.5/jsqlparser-0.9.5.jar, file:/C:/Users/lphnl/.m2/repository/com/alibaba/fastjson/1.2.44/fastjson-1.2.44.jar, file:/C:/Users/lphnl/.m2/repository/com/alibaba/druid-spring-boot-starter/1.1.6/druid-spring-boot-starter-1.1.6.jar, file:/C:/Users/lphnl/.m2/repository/com/alibaba/druid/1.1.6/druid-1.1.6.jar, file:/C:/Users/lphnl/.m2/repository/org/springframework/boot/spring-boot-autoconfigure/1.5.9.RELEASE/spring-boot-autoconfigure-1.5.9.RELEASE.jar, file:/C:/Users/lphnl/.m2/repository/io/springfox/springfox-swagger2/2.7.0/springfox-swagger2-2.7.0.jar, file:/C:/Users/lphnl/.m2/repository/io/swagger/swagger-annotations/1.5.13/swagger-annotations-1.5.13.jar, file:/C:/Users/lphnl/.m2/repository/io/swagger/swagger-models/1.5.13/swagger-models-1.5.13.jar, file:/C:/Users/lphnl/.m2/repository/io/springfox/springfox-spi/2.7.0/springfox-spi-2.7.0.jar, file:/C:/Users/lphnl/.m2/repository/io/springfox/springfox-core/2.7.0/springfox-core-2.7.0.jar, file:/C:/Users/lphnl/.m2/repository/net/bytebuddy/byte-buddy/1.6.14/byte-buddy-1.6.14.jar, file:/C:/Users/lphnl/.m2/repository/io/springfox/springfox-schema/2.7.0/springfox-schema-2.7.0.jar, file:/C:/Users/lphnl/.m2/repository/io/springfox/springfox-swagger-common/2.7.0/springfox-swagger-common-2.7.0.jar, file:/C:/Users/lphnl/.m2/repository/io/springfox/springfox-spring-web/2.7.0/springfox-spring-web-2.7.0.jar, file:/C:/Users/lphnl/.m2/repository/org/reflections/reflections/0.9.11/reflections-0.9.11.jar, file:/C:/Users/lphnl/.m2/repository/org/javassist/javassist/3.21.0-GA/javassist-3.21.0-GA.jar, file:/C:/Users/lphnl/.m2/repository/com/fasterxml/classmate/1.3.4/classmate-1.3.4.jar, file:/C:/Users/lphnl/.m2/repository/org/slf4j/slf4j-api/1.7.25/slf4j-api-1.7.25.jar, file:/C:/Users/lphnl/.m2/repository/org/springframework/plugin/spring-plugin-core/1.2.0.RELEASE/spring-plugin-core-1.2.0.RELEASE.jar, file:/C:/Users/lphnl/.m2/repository/org/springframework/plugin/spring-plugin-metadata/1.2.0.RELEASE/spring-plugin-metadata-1.2.0.RELEASE.jar, file:/C:/Users/lphnl/.m2/repository/org/mapstruct/mapstruct/1.1.0.Final/mapstruct-1.1.0.Final.jar, file:/C:/Users/lphnl/.m2/repository/io/springfox/springfox-swagger-ui/2.7.0/springfox-swagger-ui-2.7.0.jar, file:/C:/Program%20Files/JetBrains/IntelliJ%20IDEA%202017.3.4/lib/idea_rt.jar, file:/C:/Users/lphnl/.IntelliJIdea2017.3/system/captureAgent/debugger-agent.jar, file:/C:/Program%20Files/JetBrains/IntelliJ%20IDEA%202017.3.4/lib/asm-all.jar]
2018-04-12 21:05:14.516  INFO 11720 --- [main] c.letgym.gymcourse.GymCourseApplication  : Starting GymCourseApplication on DESKTOP-9DOFHTE with PID 11720 (F:\Code\GitHub\gym-course\target\classes started by lphnl in F:\Code\GitHub\gym-course)
2018-04-12 21:05:14.516  INFO 11720 --- [main] c.letgym.gymcourse.GymCourseApplication  : The following profiles are active: dev
2018-04-12 21:05:14.517 DEBUG 11720 --- [main] o.s.boot.SpringApplication               : Loading source class com.letgym.gymcourse.GymCourseApplication
2018-04-12 21:05:14.616 DEBUG 11720 --- [main] o.s.b.c.c.ConfigFileApplicationListener  : Activated profiles dev
2018-04-12 21:05:14.616 DEBUG 11720 --- [main] o.s.b.c.c.ConfigFileApplicationListener  : Loaded config file 'file:/F:/Code/GitHub/gym-course/target/classes/application.properties' (classpath:/application.properties)
2018-04-12 21:05:14.616 DEBUG 11720 --- [main] o.s.b.c.c.ConfigFileApplicationListener  : Loaded config file 'file:/F:/Code/GitHub/gym-course/target/classes/application-dev.properties' (classpath:/application-dev.properties)
2018-04-12 21:05:14.617 DEBUG 11720 --- [main] o.s.b.c.c.ConfigFileApplicationListener  : Skipped (empty) config file 'file:/F:/Code/GitHub/gym-course/target/classes/application-dev.properties' (classpath:/application-dev.properties) for profile dev
2018-04-12 21:05:14.617 DEBUG 11720 --- [main] o.s.b.c.c.ConfigFileApplicationListener  : Skipped (empty) config file 'file:/F:/Code/GitHub/gym-course/target/classes/application.properties' (classpath:/application.properties) for profile dev
2018-04-12 21:05:14.623  INFO 11720 --- [main] ationConfigEmbeddedWebApplicationContext : Refreshing org.springframework.boot.context.embedded.AnnotationConfigEmbeddedWebApplicationContext@7f8a9499: startup date [Thu Apr 12 21:05:14 CST 2018]; root of context hierarchy
2018-04-12 21:05:14.630 DEBUG 11720 --- [main] ationConfigEmbeddedWebApplicationContext : Bean factory for org.springframework.boot.context.embedded.AnnotationConfigEmbeddedWebApplicationContext@7f8a9499: org.springframework.beans.factory.support.DefaultListableBeanFactory@49964d75: defining beans [org.springframework.context.annotation.internalConfigurationAnnotationProcessor,org.springframework.context.annotation.internalAutowiredAnnotationProcessor,org.springframework.context.annotation.internalRequiredAnnotationProcessor,org.springframework.context.annotation.internalCommonAnnotationProcessor,org.springframework.context.event.internalEventListenerProcessor,org.springframework.context.event.internalEventListenerFactory,gymCourseApplication]; root of factory hierarchy
2018-04-12 21:05:16.041  WARN 11720 --- [main] o.s.c.a.ConfigurationClassPostProcessor  : Cannot enhance @Configuration bean definition 'mybatisConfigurer' since its singleton instance has been created too early. The typical cause is a non-static @Bean method with a BeanDefinitionRegistryPostProcessor return type: Consider declaring such methods as 'static'.
2018-04-12 21:05:16.378  INFO 11720 --- [main] trationDelegate$BeanPostProcessorChecker : Bean 'org.springframework.transaction.annotation.ProxyTransactionManagementConfiguration' of type [org.springframework.transaction.annotation.ProxyTransactionManagementConfiguration$$EnhancerBySpringCGLIB$$dafb7aa3] is not eligible for getting processed by all BeanPostProcessors (for example: not eligible for auto-proxying)
2018-04-12 21:05:16.432 DEBUG 11720 --- [main] ationConfigEmbeddedWebApplicationContext : Unable to locate MessageSource with name 'messageSource': using default [org.springframework.context.support.DelegatingMessageSource@79316f3a]
2018-04-12 21:05:16.433 DEBUG 11720 --- [main] ationConfigEmbeddedWebApplicationContext : Unable to locate ApplicationEventMulticaster with name 'applicationEventMulticaster': using default [org.springframework.context.event.SimpleApplicationEventMulticaster@381d7219]
2018-04-12 21:05:16.819 DEBUG 11720 --- [main] .t.TomcatEmbeddedServletContainerFactory : Code archive: C:\Users\lphnl\.m2\repository\org\springframework\boot\spring-boot\1.5.9.RELEASE\spring-boot-1.5.9.RELEASE.jar
2018-04-12 21:05:16.819 DEBUG 11720 --- [main] .t.TomcatEmbeddedServletContainerFactory : Code archive: C:\Users\lphnl\.m2\repository\org\springframework\boot\spring-boot\1.5.9.RELEASE\spring-boot-1.5.9.RELEASE.jar
2018-04-12 21:05:16.820 DEBUG 11720 --- [main] .t.TomcatEmbeddedServletContainerFactory : None of the document roots [src/main/webapp, public, static] point to a directory and will be ignored.
2018-04-12 21:05:16.879  INFO 11720 --- [main] s.b.c.e.t.TomcatEmbeddedServletContainer : Tomcat initialized with port(s): 8080 (http)
2018-04-12 21:05:16.889  INFO 11720 --- [main] o.apache.catalina.core.StandardService   : Starting service [Tomcat]
2018-04-12 21:05:16.891  INFO 11720 --- [main] org.apache.catalina.core.StandardEngine  : Starting Servlet Engine: Apache Tomcat/8.5.23
2018-04-12 21:05:17.019  INFO 11720 --- [localhost-startStop-1] o.a.c.c.C.[Tomcat].[localhost].[/]       : Initializing Spring embedded WebApplicationContext
2018-04-12 21:05:17.019  INFO 11720 --- [localhost-startStop-1] o.s.web.context.ContextLoader            : Root WebApplicationContext: initialization completed in 2401 ms
2018-04-12 21:05:17.228 DEBUG 11720 --- [localhost-startStop-1] o.s.b.w.s.ServletContextInitializerBeans : Added existing Servlet initializer bean 'dispatcherServletRegistration'; order=2147483647, resource=class path resource [org/springframework/boot/autoconfigure/web/DispatcherServletAutoConfiguration$DispatcherServletRegistrationConfiguration.class]
2018-04-12 21:05:17.228 DEBUG 11720 --- [localhost-startStop-1] o.s.b.w.s.ServletContextInitializerBeans : Added existing Servlet initializer bean 'servletRegistrationBean'; order=2147483647, resource=class path resource [com/alibaba/druid/spring/boot/autoconfigure/stat/DruidStatViewServletConfiguration.class]
2018-04-12 21:05:17.228 DEBUG 11720 --- [localhost-startStop-1] o.s.b.w.s.ServletContextInitializerBeans : Added existing Filter initializer bean 'filterRegistrationBean'; order=2147483647, resource=class path resource [com/alibaba/druid/spring/boot/autoconfigure/stat/DruidWebStatFilterConfiguration.class]
2018-04-12 21:05:17.303 DEBUG 11720 --- [localhost-startStop-1] o.s.b.w.s.ServletContextInitializerBeans : Created Filter initializer for bean 'characterEncodingFilter'; order=-2147483648, resource=class path resource [org/springframework/boot/autoconfigure/web/HttpEncodingAutoConfiguration.class]
2018-04-12 21:05:17.304 DEBUG 11720 --- [localhost-startStop-1] o.s.b.w.s.ServletContextInitializerBeans : Created Filter initializer for bean 'hiddenHttpMethodFilter'; order=-10000, resource=class path resource [org/springframework/boot/autoconfigure/web/WebMvcAutoConfiguration.class]
2018-04-12 21:05:17.304 DEBUG 11720 --- [localhost-startStop-1] o.s.b.w.s.ServletContextInitializerBeans : Created Filter initializer for bean 'httpPutFormContentFilter'; order=-9900, resource=class path resource [org/springframework/boot/autoconfigure/web/WebMvcAutoConfiguration.class]
2018-04-12 21:05:17.304 DEBUG 11720 --- [localhost-startStop-1] o.s.b.w.s.ServletContextInitializerBeans : Created Filter initializer for bean 'requestContextFilter'; order=-105, resource=class path resource [org/springframework/boot/autoconfigure/web/WebMvcAutoConfiguration$WebMvcAutoConfigurationAdapter.class]
2018-04-12 21:05:17.311  INFO 11720 --- [localhost-startStop-1] o.s.b.w.servlet.ServletRegistrationBean  : Mapping servlet: 'dispatcherServlet' to [/]
2018-04-12 21:05:17.313  INFO 11720 --- [localhost-startStop-1] o.s.b.w.servlet.ServletRegistrationBean  : Mapping servlet: 'statViewServlet' to [/druid/*]
2018-04-12 21:05:17.317  INFO 11720 --- [localhost-startStop-1] o.s.b.w.servlet.FilterRegistrationBean   : Mapping filter: 'characterEncodingFilter' to: [/*]
2018-04-12 21:05:17.318  INFO 11720 --- [localhost-startStop-1] o.s.b.w.servlet.FilterRegistrationBean   : Mapping filter: 'hiddenHttpMethodFilter' to: [/*]
2018-04-12 21:05:17.318  INFO 11720 --- [localhost-startStop-1] o.s.b.w.servlet.FilterRegistrationBean   : Mapping filter: 'httpPutFormContentFilter' to: [/*]
2018-04-12 21:05:17.318  INFO 11720 --- [localhost-startStop-1] o.s.b.w.servlet.FilterRegistrationBean   : Mapping filter: 'requestContextFilter' to: [/*]
2018-04-12 21:05:17.319  INFO 11720 --- [localhost-startStop-1] o.s.b.w.servlet.FilterRegistrationBean   : Mapping filter: 'webStatFilter' to urls: [/*]
2018-04-12 21:05:17.339 DEBUG 11720 --- [localhost-startStop-1] o.s.b.w.f.OrderedRequestContextFilter    : Initializing filter 'requestContextFilter'
2018-04-12 21:05:17.340 DEBUG 11720 --- [localhost-startStop-1] o.s.b.w.f.OrderedRequestContextFilter    : Filter 'requestContextFilter' configured successfully
2018-04-12 21:05:17.341 DEBUG 11720 --- [localhost-startStop-1] .s.b.w.f.OrderedHttpPutFormContentFilter : Initializing filter 'httpPutFormContentFilter'
2018-04-12 21:05:17.341 DEBUG 11720 --- [localhost-startStop-1] .s.b.w.f.OrderedHttpPutFormContentFilter : Filter 'httpPutFormContentFilter' configured successfully
2018-04-12 21:05:17.341 DEBUG 11720 --- [localhost-startStop-1] o.s.b.w.f.OrderedHiddenHttpMethodFilter  : Initializing filter 'hiddenHttpMethodFilter'
2018-04-12 21:05:17.341 DEBUG 11720 --- [localhost-startStop-1] o.s.b.w.f.OrderedHiddenHttpMethodFilter  : Filter 'hiddenHttpMethodFilter' configured successfully
2018-04-12 21:05:17.341 DEBUG 11720 --- [localhost-startStop-1] o.s.b.w.f.OrderedCharacterEncodingFilter : Initializing filter 'characterEncodingFilter'
2018-04-12 21:05:17.341 DEBUG 11720 --- [localhost-startStop-1] o.s.b.w.f.OrderedCharacterEncodingFilter : Filter 'characterEncodingFilter' configured successfully
2018-04-12 21:05:19.538  INFO 11720 --- [main] s.w.s.m.m.a.RequestMappingHandlerMapping : Mapped "{[/course/descriptions/add],methods=[POST]}" onto public com.letgym.gymcourse.core.Result com.letgym.gymcourse.web.CourseDescriptionsController.add(com.letgym.gymcourse.model.CourseDescriptions)
2018-04-12 21:05:19.540  INFO 11720 --- [main] s.w.s.m.m.a.RequestMappingHandlerMapping : Mapped "{[/course/descriptions/update],methods=[POST]}" onto public com.letgym.gymcourse.core.Result com.letgym.gymcourse.web.CourseDescriptionsController.update(com.letgym.gymcourse.model.CourseDescriptions)
2018-04-12 21:05:19.540  INFO 11720 --- [main] s.w.s.m.m.a.RequestMappingHandlerMapping : Mapped "{[/course/descriptions/delete],methods=[POST]}" onto public com.letgym.gymcourse.core.Result com.letgym.gymcourse.web.CourseDescriptionsController.delete(java.lang.Integer)
2018-04-12 21:05:19.541  INFO 11720 --- [main] s.w.s.m.m.a.RequestMappingHandlerMapping : Mapped "{[/course/descriptions/list],methods=[POST]}" onto public com.letgym.gymcourse.core.Result com.letgym.gymcourse.web.CourseDescriptionsController.list(java.lang.Integer,java.lang.Integer)
2018-04-12 21:05:19.542  INFO 11720 --- [main] s.w.s.m.m.a.RequestMappingHandlerMapping : Mapped "{[/course/descriptions/detail],methods=[POST]}" onto public com.letgym.gymcourse.core.Result com.letgym.gymcourse.web.CourseDescriptionsController.detail(java.lang.Integer)
2018-04-12 21:05:19.542  INFO 11720 --- [main] s.w.s.m.m.a.RequestMappingHandlerMapping : Mapped "{[/course/descriptions/getCourseDescriptionsListByCourseId],methods=[POST]}" onto public com.letgym.gymcourse.core.Result com.letgym.gymcourse.web.CourseDescriptionsController.getCourseDescriptionsListByCourseId(java.lang.Integer)
2018-04-12 21:05:19.545  INFO 11720 --- [main] s.w.s.m.m.a.RequestMappingHandlerMapping : Mapped "{[/course/schedule/members/add],methods=[POST]}" onto public com.letgym.gymcourse.core.Result com.letgym.gymcourse.web.CourseScheduleMembersController.add(com.letgym.gymcourse.model.CourseScheduleMembers)
2018-04-12 21:05:19.545  INFO 11720 --- [main] s.w.s.m.m.a.RequestMappingHandlerMapping : Mapped "{[/course/schedule/members/update],methods=[POST]}" onto public com.letgym.gymcourse.core.Result com.letgym.gymcourse.web.CourseScheduleMembersController.update(com.letgym.gymcourse.model.CourseScheduleMembers)
2018-04-12 21:05:19.546  INFO 11720 --- [main] s.w.s.m.m.a.RequestMappingHandlerMapping : Mapped "{[/course/schedule/members/delete],methods=[POST]}" onto public com.letgym.gymcourse.core.Result com.letgym.gymcourse.web.CourseScheduleMembersController.delete(java.lang.Integer)
2018-04-12 21:05:19.547  INFO 11720 --- [main] s.w.s.m.m.a.RequestMappingHandlerMapping : Mapped "{[/course/schedule/members/list],methods=[POST]}" onto public com.letgym.gymcourse.core.Result com.letgym.gymcourse.web.CourseScheduleMembersController.list(java.lang.Integer,java.lang.Integer)
2018-04-12 21:05:19.547  INFO 11720 --- [main] s.w.s.m.m.a.RequestMappingHandlerMapping : Mapped "{[/course/schedule/members/detail],methods=[POST]}" onto public com.letgym.gymcourse.core.Result com.letgym.gymcourse.web.CourseScheduleMembersController.detail(java.lang.Integer)
2018-04-12 21:05:19.555  INFO 11720 --- [main] s.w.s.m.m.a.RequestMappingHandlerMapping : Mapped "{[/course/schedules/add],methods=[POST]}" onto public com.letgym.gymcourse.core.Result com.letgym.gymcourse.web.CourseSchedulesController.add(com.letgym.gymcourse.model.CourseSchedules)
2018-04-12 21:05:19.556  INFO 11720 --- [main] s.w.s.m.m.a.RequestMappingHandlerMapping : Mapped "{[/course/schedules/update],methods=[POST]}" onto public com.letgym.gymcourse.core.Result com.letgym.gymcourse.web.CourseSchedulesController.update(com.letgym.gymcourse.model.CourseSchedules)
2018-04-12 21:05:19.556  INFO 11720 --- [main] s.w.s.m.m.a.RequestMappingHandlerMapping : Mapped "{[/course/schedules/delete],methods=[POST]}" onto public com.letgym.gymcourse.core.Result com.letgym.gymcourse.web.CourseSchedulesController.delete(java.lang.Integer)
2018-04-12 21:05:19.557  INFO 11720 --- [main] s.w.s.m.m.a.RequestMappingHandlerMapping : Mapped "{[/course/schedules/list],methods=[POST]}" onto public com.letgym.gymcourse.core.Result com.letgym.gymcourse.web.CourseSchedulesController.list(java.lang.Integer,java.lang.Integer)
2018-04-12 21:05:19.557  INFO 11720 --- [main] s.w.s.m.m.a.RequestMappingHandlerMapping : Mapped "{[/course/schedules/detail],methods=[POST]}" onto public com.letgym.gymcourse.core.Result com.letgym.gymcourse.web.CourseSchedulesController.detail(java.lang.Integer)
2018-04-12 21:05:19.559  INFO 11720 --- [main] s.w.s.m.m.a.RequestMappingHandlerMapping : Mapped "{[/course/schedule/tearchers/add],methods=[POST]}" onto public com.letgym.gymcourse.core.Result com.letgym.gymcourse.web.CourseScheduleTearchersController.add(com.letgym.gymcourse.model.CourseScheduleTearchers)
2018-04-12 21:05:19.559  INFO 11720 --- [main] s.w.s.m.m.a.RequestMappingHandlerMapping : Mapped "{[/course/schedule/tearchers/update],methods=[POST]}" onto public com.letgym.gymcourse.core.Result com.letgym.gymcourse.web.CourseScheduleTearchersController.update(com.letgym.gymcourse.model.CourseScheduleTearchers)
2018-04-12 21:05:19.560  INFO 11720 --- [main] s.w.s.m.m.a.RequestMappingHandlerMapping : Mapped "{[/course/schedule/tearchers/delete],methods=[POST]}" onto public com.letgym.gymcourse.core.Result com.letgym.gymcourse.web.CourseScheduleTearchersController.delete(java.lang.Integer)
2018-04-12 21:05:19.560  INFO 11720 --- [main] s.w.s.m.m.a.RequestMappingHandlerMapping : Mapped "{[/course/schedule/tearchers/list],methods=[POST]}" onto public com.letgym.gymcourse.core.Result com.letgym.gymcourse.web.CourseScheduleTearchersController.list(java.lang.Integer,java.lang.Integer)
2018-04-12 21:05:19.561  INFO 11720 --- [main] s.w.s.m.m.a.RequestMappingHandlerMapping : Mapped "{[/course/schedule/tearchers/detail],methods=[POST]}" onto public com.letgym.gymcourse.core.Result com.letgym.gymcourse.web.CourseScheduleTearchersController.detail(java.lang.Integer)
2018-04-12 21:05:19.563  INFO 11720 --- [main] s.w.s.m.m.a.RequestMappingHandlerMapping : Mapped "{[/courses/add],methods=[POST]}" onto public com.letgym.gymcourse.core.Result com.letgym.gymcourse.web.CoursesController.add(com.letgym.gymcourse.model.Courses)
2018-04-12 21:05:19.563  INFO 11720 --- [main] s.w.s.m.m.a.RequestMappingHandlerMapping : Mapped "{[/courses/update],methods=[POST]}" onto public com.letgym.gymcourse.core.Result com.letgym.gymcourse.web.CoursesController.update(com.letgym.gymcourse.model.Courses)
2018-04-12 21:05:19.564  INFO 11720 --- [main] s.w.s.m.m.a.RequestMappingHandlerMapping : Mapped "{[/courses/delete],methods=[POST]}" onto public com.letgym.gymcourse.core.Result com.letgym.gymcourse.web.CoursesController.delete(java.lang.Integer)
2018-04-12 21:05:19.564  INFO 11720 --- [main] s.w.s.m.m.a.RequestMappingHandlerMapping : Mapped "{[/courses/list],methods=[POST]}" onto public com.letgym.gymcourse.core.Result com.letgym.gymcourse.web.CoursesController.list(java.lang.Integer,java.lang.Integer)
2018-04-12 21:05:19.564  INFO 11720 --- [main] s.w.s.m.m.a.RequestMappingHandlerMapping : Mapped "{[/courses/detail],methods=[POST]}" onto public com.letgym.gymcourse.core.Result com.letgym.gymcourse.web.CoursesController.detail(java.lang.Integer)
2018-04-12 21:05:19.566  INFO 11720 --- [main] s.w.s.m.m.a.RequestMappingHandlerMapping : Mapped "{[/tearcher/display/add],methods=[POST]}" onto public com.letgym.gymcourse.core.Result com.letgym.gymcourse.web.TearcherDisplayController.add(com.letgym.gymcourse.model.TearcherDisplay)
2018-04-12 21:05:19.566  INFO 11720 --- [main] s.w.s.m.m.a.RequestMappingHandlerMapping : Mapped "{[/tearcher/display/update],methods=[POST]}" onto public com.letgym.gymcourse.core.Result com.letgym.gymcourse.web.TearcherDisplayController.update(com.letgym.gymcourse.model.TearcherDisplay)
2018-04-12 21:05:19.566  INFO 11720 --- [main] s.w.s.m.m.a.RequestMappingHandlerMapping : Mapped "{[/tearcher/display/delete],methods=[POST]}" onto public com.letgym.gymcourse.core.Result com.letgym.gymcourse.web.TearcherDisplayController.delete(java.lang.Integer)
2018-04-12 21:05:19.567  INFO 11720 --- [main] s.w.s.m.m.a.RequestMappingHandlerMapping : Mapped "{[/tearcher/display/list],methods=[POST]}" onto public com.letgym.gymcourse.core.Result com.letgym.gymcourse.web.TearcherDisplayController.list(java.lang.Integer,java.lang.Integer)
2018-04-12 21:05:19.567  INFO 11720 --- [main] s.w.s.m.m.a.RequestMappingHandlerMapping : Mapped "{[/tearcher/display/detail],methods=[POST]}" onto public com.letgym.gymcourse.core.Result com.letgym.gymcourse.web.TearcherDisplayController.detail(java.lang.Integer)
2018-04-12 21:05:19.568  INFO 11720 --- [main] s.w.s.m.m.a.RequestMappingHandlerMapping : Mapped "{[/tearcher/info/add],methods=[POST]}" onto public com.letgym.gymcourse.core.Result com.letgym.gymcourse.web.TearcherInfoController.add(com.letgym.gymcourse.model.TearcherInfo)
2018-04-12 21:05:19.569  INFO 11720 --- [main] s.w.s.m.m.a.RequestMappingHandlerMapping : Mapped "{[/tearcher/info/update],methods=[POST]}" onto public com.letgym.gymcourse.core.Result com.letgym.gymcourse.web.TearcherInfoController.update(com.letgym.gymcourse.model.TearcherInfo)
2018-04-12 21:05:19.569  INFO 11720 --- [main] s.w.s.m.m.a.RequestMappingHandlerMapping : Mapped "{[/tearcher/info/delete],methods=[POST]}" onto public com.letgym.gymcourse.core.Result com.letgym.gymcourse.web.TearcherInfoController.delete(java.lang.Integer)
2018-04-12 21:05:19.569  INFO 11720 --- [main] s.w.s.m.m.a.RequestMappingHandlerMapping : Mapped "{[/tearcher/info/list],methods=[POST]}" onto public com.letgym.gymcourse.core.Result com.letgym.gymcourse.web.TearcherInfoController.list(java.lang.Integer,java.lang.Integer)
2018-04-12 21:05:19.569  INFO 11720 --- [main] s.w.s.m.m.a.RequestMappingHandlerMapping : Mapped "{[/tearcher/info/detail],methods=[POST]}" onto public com.letgym.gymcourse.core.Result com.letgym.gymcourse.web.TearcherInfoController.detail(java.lang.Integer)
2018-04-12 21:05:19.571  INFO 11720 --- [main] s.w.s.m.m.a.RequestMappingHandlerMapping : Mapped "{[/user/add],methods=[POST]}" onto public com.letgym.gymcourse.core.Result com.letgym.gymcourse.web.UserController.add(com.letgym.gymcourse.model.User)
2018-04-12 21:05:19.571  INFO 11720 --- [main] s.w.s.m.m.a.RequestMappingHandlerMapping : Mapped "{[/user/update],methods=[POST]}" onto public com.letgym.gymcourse.core.Result com.letgym.gymcourse.web.UserController.update(com.letgym.gymcourse.model.User)
2018-04-12 21:05:19.572  INFO 11720 --- [main] s.w.s.m.m.a.RequestMappingHandlerMapping : Mapped "{[/user/delete],methods=[POST]}" onto public com.letgym.gymcourse.core.Result com.letgym.gymcourse.web.UserController.delete(java.lang.Integer)
2018-04-12 21:05:19.572  INFO 11720 --- [main] s.w.s.m.m.a.RequestMappingHandlerMapping : Mapped "{[/user/list],methods=[POST]}" onto public com.letgym.gymcourse.core.Result com.letgym.gymcourse.web.UserController.list(java.lang.Integer,java.lang.Integer)
2018-04-12 21:05:19.572  INFO 11720 --- [main] s.w.s.m.m.a.RequestMappingHandlerMapping : Mapped "{[/user/detail],methods=[POST]}" onto public com.letgym.gymcourse.core.Result com.letgym.gymcourse.web.UserController.detail(java.lang.Integer)
2018-04-12 21:05:19.572  INFO 11720 --- [main] s.w.s.m.m.a.RequestMappingHandlerMapping : Mapped "{[/user/userDetail],methods=[POST]}" onto public com.letgym.gymcourse.core.Result com.letgym.gymcourse.web.UserController.userDetail(java.lang.Integer)
2018-04-12 21:05:19.574  INFO 11720 --- [main] s.w.s.m.m.a.RequestMappingHandlerMapping : Mapped "{[/user/info/add],methods=[POST]}" onto public com.letgym.gymcourse.core.Result com.letgym.gymcourse.web.UserInfoController.add(com.letgym.gymcourse.model.UserInfo)
2018-04-12 21:05:19.574  INFO 11720 --- [main] s.w.s.m.m.a.RequestMappingHandlerMapping : Mapped "{[/user/info/update],methods=[POST]}" onto public com.letgym.gymcourse.core.Result com.letgym.gymcourse.web.UserInfoController.update(com.letgym.gymcourse.model.UserInfo)
2018-04-12 21:05:19.574  INFO 11720 --- [main] s.w.s.m.m.a.RequestMappingHandlerMapping : Mapped "{[/user/info/delete],methods=[POST]}" onto public com.letgym.gymcourse.core.Result com.letgym.gymcourse.web.UserInfoController.delete(java.lang.Integer)
2018-04-12 21:05:19.574  INFO 11720 --- [main] s.w.s.m.m.a.RequestMappingHandlerMapping : Mapped "{[/user/info/list],methods=[POST]}" onto public com.letgym.gymcourse.core.Result com.letgym.gymcourse.web.UserInfoController.list(java.lang.Integer,java.lang.Integer)
2018-04-12 21:05:19.575  INFO 11720 --- [main] s.w.s.m.m.a.RequestMappingHandlerMapping : Mapped "{[/user/info/detail],methods=[POST]}" onto public com.letgym.gymcourse.core.Result com.letgym.gymcourse.web.UserInfoController.detail(java.lang.Integer)
2018-04-12 21:05:19.579  INFO 11720 --- [main] s.w.s.m.m.a.RequestMappingHandlerMapping : Mapped "{[/swagger-resources/configuration/ui]}" onto public org.springframework.http.ResponseEntity<springfox.documentation.swagger.web.UiConfiguration> springfox.documentation.swagger.web.ApiResourceController.uiConfiguration()
2018-04-12 21:05:19.580  INFO 11720 --- [main] s.w.s.m.m.a.RequestMappingHandlerMapping : Mapped "{[/swagger-resources]}" onto public org.springframework.http.ResponseEntity<java.util.List<springfox.documentation.swagger.web.SwaggerResource>> springfox.documentation.swagger.web.ApiResourceController.swaggerResources()
2018-04-12 21:05:19.581  INFO 11720 --- [main] s.w.s.m.m.a.RequestMappingHandlerMapping : Mapped "{[/swagger-resources/configuration/security]}" onto public org.springframework.http.ResponseEntity<springfox.documentation.swagger.web.SecurityConfiguration> springfox.documentation.swagger.web.ApiResourceController.securityConfiguration()
2018-04-12 21:05:19.585  INFO 11720 --- [main] s.w.s.m.m.a.RequestMappingHandlerMapping : Mapped "{[/error]}" onto public org.springframework.http.ResponseEntity<java.util.Map<java.lang.String, java.lang.Object>> org.springframework.boot.autoconfigure.web.BasicErrorController.error(javax.servlet.http.HttpServletRequest)
2018-04-12 21:05:19.586  INFO 11720 --- [main] s.w.s.m.m.a.RequestMappingHandlerMapping : Mapped "{[/error],produces=[text/html]}" onto public org.springframework.web.servlet.ModelAndView org.springframework.boot.autoconfigure.web.BasicErrorController.errorHtml(javax.servlet.http.HttpServletRequest,javax.servlet.http.HttpServletResponse)
2018-04-12 21:05:19.769  INFO 11720 --- [main] pertySourcedRequestMappingHandlerMapping : Mapped URL path [/v2/api-docs] onto method [public org.springframework.http.ResponseEntity<springfox.documentation.spring.web.json.Json> springfox.documentation.swagger2.web.Swagger2Controller.getDocumentation(java.lang.String,javax.servlet.http.HttpServletRequest)]
2018-04-12 21:05:20.312  INFO 11720 --- [main] s.w.s.m.m.a.RequestMappingHandlerAdapter : Looking for @ControllerAdvice: org.springframework.boot.context.embedded.AnnotationConfigEmbeddedWebApplicationContext@7f8a9499: startup date [Thu Apr 12 21:05:14 CST 2018]; root of context hierarchy
2018-04-12 21:05:20.381  INFO 11720 --- [main] o.s.w.s.handler.SimpleUrlHandlerMapping  : Mapped URL path [/swagger-ui.html] onto handler of type [class org.springframework.web.servlet.resource.ResourceHttpRequestHandler]
2018-04-12 21:05:20.381  INFO 11720 --- [main] o.s.w.s.handler.SimpleUrlHandlerMapping  : Mapped URL path [/webjars/**] onto handler of type [class org.springframework.web.servlet.resource.ResourceHttpRequestHandler]
2018-04-12 21:05:20.420  INFO 11720 --- [main] o.s.w.s.handler.SimpleUrlHandlerMapping  : Mapped URL path [/**/favicon.ico] onto handler of type [class org.springframework.web.servlet.resource.ResourceHttpRequestHandler]
2018-04-12 21:05:20.529 DEBUG 11720 --- [main] inMXBeanRegistrar$SpringApplicationAdmin : Application Admin MBean registered with name 'org.springframework.boot:type=Admin,name=SpringApplication'
2018-04-12 21:05:20.882  INFO 11720 --- [main] o.s.j.e.a.AnnotationMBeanExporter        : Registering beans for JMX exposure on startup
2018-04-12 21:05:20.885  INFO 11720 --- [main] o.s.j.e.a.AnnotationMBeanExporter        : Bean with name 'statFilter' has been autodetected for JMX exposure
2018-04-12 21:05:20.885  INFO 11720 --- [main] o.s.j.e.a.AnnotationMBeanExporter        : Bean with name 'dataSource' has been autodetected for JMX exposure
2018-04-12 21:05:20.892  INFO 11720 --- [main] o.s.j.e.a.AnnotationMBeanExporter        : Located MBean 'dataSource': registering with JMX server as MBean [com.alibaba.druid.spring.boot.autoconfigure:name=dataSource,type=DruidDataSourceWrapper]
2018-04-12 21:05:20.895  INFO 11720 --- [main] o.s.j.e.a.AnnotationMBeanExporter        : Located MBean 'statFilter': registering with JMX server as MBean [com.alibaba.druid.filter.stat:name=statFilter,type=StatFilter]
2018-04-12 21:05:20.896 DEBUG 11720 --- [main] ationConfigEmbeddedWebApplicationContext : Unable to locate LifecycleProcessor with name 'lifecycleProcessor': using default [org.springframework.context.support.DefaultLifecycleProcessor@87220f1]
2018-04-12 21:05:20.899  INFO 11720 --- [main] o.s.c.support.DefaultLifecycleProcessor  : Starting beans in phase 2147483647
2018-04-12 21:05:20.899  INFO 11720 --- [main] d.s.w.p.DocumentationPluginsBootstrapper : Context refreshed
2018-04-12 21:05:20.926  INFO 11720 --- [main] d.s.w.p.DocumentationPluginsBootstrapper : Found 1 custom documentation plugin(s)
2018-04-12 21:05:20.973  INFO 11720 --- [main] s.d.s.w.s.ApiListingReferenceScanner     : Scanning for api listing references
2018-04-12 21:05:21.198  INFO 11720 --- [main] .d.s.w.r.o.CachingOperationNameGenerator : Generating unique operation named: addUsingPOST_1
2018-04-12 21:05:21.203  INFO 11720 --- [main] .d.s.w.r.o.CachingOperationNameGenerator : Generating unique operation named: deleteUsingPOST_1
2018-04-12 21:05:21.209  INFO 11720 --- [main] .d.s.w.r.o.CachingOperationNameGenerator : Generating unique operation named: detailUsingPOST_1
2018-04-12 21:05:21.213  INFO 11720 --- [main] .d.s.w.r.o.CachingOperationNameGenerator : Generating unique operation named: listUsingPOST_1
2018-04-12 21:05:21.218  INFO 11720 --- [main] .d.s.w.r.o.CachingOperationNameGenerator : Generating unique operation named: updateUsingPOST_1
2018-04-12 21:05:21.223  INFO 11720 --- [main] .d.s.w.r.o.CachingOperationNameGenerator : Generating unique operation named: addUsingPOST_2
2018-04-12 21:05:21.228  INFO 11720 --- [main] .d.s.w.r.o.CachingOperationNameGenerator : Generating unique operation named: deleteUsingPOST_2
2018-04-12 21:05:21.232  INFO 11720 --- [main] .d.s.w.r.o.CachingOperationNameGenerator : Generating unique operation named: detailUsingPOST_2
2018-04-12 21:05:21.238  INFO 11720 --- [main] .d.s.w.r.o.CachingOperationNameGenerator : Generating unique operation named: listUsingPOST_2
2018-04-12 21:05:21.242  INFO 11720 --- [main] .d.s.w.r.o.CachingOperationNameGenerator : Generating unique operation named: updateUsingPOST_2
2018-04-12 21:05:21.247  INFO 11720 --- [main] .d.s.w.r.o.CachingOperationNameGenerator : Generating unique operation named: addUsingPOST_3
2018-04-12 21:05:21.251  INFO 11720 --- [main] .d.s.w.r.o.CachingOperationNameGenerator : Generating unique operation named: deleteUsingPOST_3
2018-04-12 21:05:21.256  INFO 11720 --- [main] .d.s.w.r.o.CachingOperationNameGenerator : Generating unique operation named: detailUsingPOST_3
2018-04-12 21:05:21.262  INFO 11720 --- [main] .d.s.w.r.o.CachingOperationNameGenerator : Generating unique operation named: listUsingPOST_3
2018-04-12 21:05:21.266  INFO 11720 --- [main] .d.s.w.r.o.CachingOperationNameGenerator : Generating unique operation named: updateUsingPOST_3
2018-04-12 21:05:21.271  INFO 11720 --- [main] .d.s.w.r.o.CachingOperationNameGenerator : Generating unique operation named: addUsingPOST_4
2018-04-12 21:05:21.275  INFO 11720 --- [main] .d.s.w.r.o.CachingOperationNameGenerator : Generating unique operation named: deleteUsingPOST_4
2018-04-12 21:05:21.279  INFO 11720 --- [main] .d.s.w.r.o.CachingOperationNameGenerator : Generating unique operation named: detailUsingPOST_4
2018-04-12 21:05:21.283  INFO 11720 --- [main] .d.s.w.r.o.CachingOperationNameGenerator : Generating unique operation named: listUsingPOST_4
2018-04-12 21:05:21.289  INFO 11720 --- [main] .d.s.w.r.o.CachingOperationNameGenerator : Generating unique operation named: updateUsingPOST_4
2018-04-12 21:05:21.295  INFO 11720 --- [main] .d.s.w.r.o.CachingOperationNameGenerator : Generating unique operation named: addUsingPOST_5
2018-04-12 21:05:21.300  INFO 11720 --- [main] .d.s.w.r.o.CachingOperationNameGenerator : Generating unique operation named: deleteUsingPOST_5
2018-04-12 21:05:21.303  INFO 11720 --- [main] .d.s.w.r.o.CachingOperationNameGenerator : Generating unique operation named: detailUsingPOST_5
2018-04-12 21:05:21.307  INFO 11720 --- [main] .d.s.w.r.o.CachingOperationNameGenerator : Generating unique operation named: listUsingPOST_5
2018-04-12 21:05:21.310  INFO 11720 --- [main] .d.s.w.r.o.CachingOperationNameGenerator : Generating unique operation named: updateUsingPOST_5
2018-04-12 21:05:21.314  INFO 11720 --- [main] .d.s.w.r.o.CachingOperationNameGenerator : Generating unique operation named: addUsingPOST_6
2018-04-12 21:05:21.318  INFO 11720 --- [main] .d.s.w.r.o.CachingOperationNameGenerator : Generating unique operation named: deleteUsingPOST_6
2018-04-12 21:05:21.321  INFO 11720 --- [main] .d.s.w.r.o.CachingOperationNameGenerator : Generating unique operation named: detailUsingPOST_6
2018-04-12 21:05:21.325  INFO 11720 --- [main] .d.s.w.r.o.CachingOperationNameGenerator : Generating unique operation named: listUsingPOST_6
2018-04-12 21:05:21.329  INFO 11720 --- [main] .d.s.w.r.o.CachingOperationNameGenerator : Generating unique operation named: updateUsingPOST_6
2018-04-12 21:05:21.333  INFO 11720 --- [main] .d.s.w.r.o.CachingOperationNameGenerator : Generating unique operation named: addUsingPOST_7
2018-04-12 21:05:21.337  INFO 11720 --- [main] .d.s.w.r.o.CachingOperationNameGenerator : Generating unique operation named: deleteUsingPOST_7
2018-04-12 21:05:21.340  INFO 11720 --- [main] .d.s.w.r.o.CachingOperationNameGenerator : Generating unique operation named: detailUsingPOST_7
2018-04-12 21:05:21.344  INFO 11720 --- [main] .d.s.w.r.o.CachingOperationNameGenerator : Generating unique operation named: listUsingPOST_7
2018-04-12 21:05:21.348  INFO 11720 --- [main] .d.s.w.r.o.CachingOperationNameGenerator : Generating unique operation named: updateUsingPOST_7
2018-04-12 21:05:21.358  INFO 11720 --- [main] .d.s.w.r.o.CachingOperationNameGenerator : Generating unique operation named: addUsingPOST_8
2018-04-12 21:05:21.361  INFO 11720 --- [main] .d.s.w.r.o.CachingOperationNameGenerator : Generating unique operation named: deleteUsingPOST_8
2018-04-12 21:05:21.364  INFO 11720 --- [main] .d.s.w.r.o.CachingOperationNameGenerator : Generating unique operation named: detailUsingPOST_8
2018-04-12 21:05:21.368  INFO 11720 --- [main] .d.s.w.r.o.CachingOperationNameGenerator : Generating unique operation named: listUsingPOST_8
2018-04-12 21:05:21.372  INFO 11720 --- [main] .d.s.w.r.o.CachingOperationNameGenerator : Generating unique operation named: updateUsingPOST_8
2018-04-12 21:05:21.396 DEBUG 11720 --- [main] utoConfigurationReportLoggingInitializer : 


=========================
AUTO-CONFIGURATION REPORT
=========================


Positive matches:
-----------------

   DataSourceAutoConfiguration matched:
      - @ConditionalOnClass found required classes 'javax.sql.DataSource', 'org.springframework.jdbc.datasource.embedded.EmbeddedDatabaseType'; @ConditionalOnMissingClass did not find unwanted class (OnClassCondition)

   DataSourceAutoConfiguration#dataSourceInitializer matched:
      - @ConditionalOnMissingBean (types: org.springframework.boot.autoconfigure.jdbc.DataSourceInitializer; SearchStrategy: all) did not find any beans (OnBeanCondition)

   DataSourceConfiguration.Tomcat matched:
      - @ConditionalOnClass found required class 'org.apache.tomcat.jdbc.pool.DataSource'; @ConditionalOnMissingClass did not find unwanted class (OnClassCondition)
      - @ConditionalOnProperty (spring.datasource.type=org.apache.tomcat.jdbc.pool.DataSource) matched (OnPropertyCondition)

   DataSourcePoolMetadataProvidersConfiguration.TomcatDataSourcePoolMetadataProviderConfiguration matched:
      - @ConditionalOnClass found required class 'org.apache.tomcat.jdbc.pool.DataSource'; @ConditionalOnMissingClass did not find unwanted class (OnClassCondition)

   DataSourceTransactionManagerAutoConfiguration matched:
      - @ConditionalOnClass found required classes 'org.springframework.jdbc.core.JdbcTemplate', 'org.springframework.transaction.PlatformTransactionManager'; @ConditionalOnMissingClass did not find unwanted class (OnClassCondition)

   DataSourceTransactionManagerAutoConfiguration.DataSourceTransactionManagerConfiguration matched:
      - @ConditionalOnSingleCandidate (types: javax.sql.DataSource; SearchStrategy: all) found a primary bean from beans 'dataSource' (OnBeanCondition)

   DataSourceTransactionManagerAutoConfiguration.DataSourceTransactionManagerConfiguration#transactionManager matched:
      - @ConditionalOnMissingBean (types: org.springframework.transaction.PlatformTransactionManager; SearchStrategy: all) did not find any beans (OnBeanCondition)

   DispatcherServletAutoConfiguration matched:
      - @ConditionalOnClass found required class 'org.springframework.web.servlet.DispatcherServlet'; @ConditionalOnMissingClass did not find unwanted class (OnClassCondition)
      - @ConditionalOnWebApplication (required) found StandardServletEnvironment (OnWebApplicationCondition)

   DispatcherServletAutoConfiguration.DispatcherServletConfiguration matched:
      - @ConditionalOnClass found required class 'javax.servlet.ServletRegistration'; @ConditionalOnMissingClass did not find unwanted class (OnClassCondition)
      - Default DispatcherServlet did not find dispatcher servlet beans (DispatcherServletAutoConfiguration.DefaultDispatcherServletCondition)

   DispatcherServletAutoConfiguration.DispatcherServletRegistrationConfiguration matched:
      - @ConditionalOnClass found required class 'javax.servlet.ServletRegistration'; @ConditionalOnMissingClass did not find unwanted class (OnClassCondition)
      - DispatcherServlet Registration did not find servlet registration bean (DispatcherServletAutoConfiguration.DispatcherServletRegistrationCondition)

   DispatcherServletAutoConfiguration.DispatcherServletRegistrationConfiguration#dispatcherServletRegistration matched:
      - @ConditionalOnBean (names: dispatcherServlet; types: org.springframework.web.servlet.DispatcherServlet; SearchStrategy: all) found beans 'dispatcherServlet', 'dispatcherServlet' (OnBeanCondition)

   DruidDataSourceAutoConfigure matched:
      - @ConditionalOnClass found required class 'com.alibaba.druid.pool.DruidDataSource'; @ConditionalOnMissingClass did not find unwanted class (OnClassCondition)

   DruidDataSourceAutoConfigure#dataSource matched:
      - @ConditionalOnMissingBean (types: javax.sql.DataSource; SearchStrategy: all) did not find any beans (OnBeanCondition)

   DruidFilterConfiguration#statFilter matched:
      - @ConditionalOnProperty (spring.datasource.druid.filter.stat.enabled) matched (OnPropertyCondition)
      - @ConditionalOnMissingBean (types: com.alibaba.druid.filter.stat.StatFilter; SearchStrategy: all) did not find any beans (OnBeanCondition)

   DruidStatViewServletConfiguration matched:
      - @ConditionalOnWebApplication (required) found StandardServletEnvironment (OnWebApplicationCondition)
      - @ConditionalOnProperty (spring.datasource.druid.stat-view-servlet.enabled=true) matched (OnPropertyCondition)

   DruidWebStatFilterConfiguration matched:
      - @ConditionalOnWebApplication (required) found StandardServletEnvironment (OnWebApplicationCondition)
      - @ConditionalOnProperty (spring.datasource.druid.web-stat-filter.enabled=true) matched (OnPropertyCondition)

   EmbeddedServletContainerAutoConfiguration matched:
      - @ConditionalOnWebApplication (required) found StandardServletEnvironment (OnWebApplicationCondition)

   EmbeddedServletContainerAutoConfiguration.EmbeddedTomcat matched:
      - @ConditionalOnClass found required classes 'javax.servlet.Servlet', 'org.apache.catalina.startup.Tomcat'; @ConditionalOnMissingClass did not find unwanted class (OnClassCondition)
      - @ConditionalOnMissingBean (types: org.springframework.boot.context.embedded.EmbeddedServletContainerFactory; SearchStrategy: current) did not find any beans (OnBeanCondition)

   ErrorMvcAutoConfiguration matched:
      - @ConditionalOnClass found required classes 'javax.servlet.Servlet', 'org.springframework.web.servlet.DispatcherServlet'; @ConditionalOnMissingClass did not find unwanted class (OnClassCondition)
      - @ConditionalOnWebApplication (required) found StandardServletEnvironment (OnWebApplicationCondition)

   ErrorMvcAutoConfiguration#basicErrorController matched:
      - @ConditionalOnMissingBean (types: org.springframework.boot.autoconfigure.web.ErrorController; SearchStrategy: current) did not find any beans (OnBeanCondition)

   ErrorMvcAutoConfiguration#errorAttributes matched:
      - @ConditionalOnMissingBean (types: org.springframework.boot.autoconfigure.web.ErrorAttributes; SearchStrategy: current) did not find any beans (OnBeanCondition)

   ErrorMvcAutoConfiguration.DefaultErrorViewResolverConfiguration#conventionErrorViewResolver matched:
      - @ConditionalOnBean (types: org.springframework.web.servlet.DispatcherServlet; SearchStrategy: all) found bean 'dispatcherServlet'; @ConditionalOnMissingBean (types: org.springframework.boot.autoconfigure.web.DefaultErrorViewResolver; SearchStrategy: all) did not find any beans (OnBeanCondition)

   ErrorMvcAutoConfiguration.WhitelabelErrorViewConfiguration matched:
      - @ConditionalOnProperty (server.error.whitelabel.enabled) matched (OnPropertyCondition)
      - ErrorTemplate Missing did not find error template view (ErrorMvcAutoConfiguration.ErrorTemplateMissingCondition)

   ErrorMvcAutoConfiguration.WhitelabelErrorViewConfiguration#beanNameViewResolver matched:
      - @ConditionalOnMissingBean (types: org.springframework.web.servlet.view.BeanNameViewResolver; SearchStrategy: all) did not find any beans (OnBeanCondition)

   ErrorMvcAutoConfiguration.WhitelabelErrorViewConfiguration#defaultErrorView matched:
      - @ConditionalOnMissingBean (names: error; SearchStrategy: all) did not find any beans (OnBeanCondition)

   GenericCacheConfiguration matched:
      - Cache org.springframework.boot.autoconfigure.cache.GenericCacheConfiguration automatic cache type (CacheCondition)

   HttpEncodingAutoConfiguration matched:
      - @ConditionalOnClass found required class 'org.springframework.web.filter.CharacterEncodingFilter'; @ConditionalOnMissingClass did not find unwanted class (OnClassCondition)
      - @ConditionalOnWebApplication (required) found StandardServletEnvironment (OnWebApplicationCondition)
      - @ConditionalOnProperty (spring.http.encoding.enabled) matched (OnPropertyCondition)

   HttpEncodingAutoConfiguration#characterEncodingFilter matched:
      - @ConditionalOnMissingBean (types: org.springframework.web.filter.CharacterEncodingFilter; SearchStrategy: all) did not find any beans (OnBeanCondition)

   HttpMessageConvertersAutoConfiguration matched:
      - @ConditionalOnClass found required class 'org.springframework.http.converter.HttpMessageConverter'; @ConditionalOnMissingClass did not find unwanted class (OnClassCondition)

   HttpMessageConvertersAutoConfiguration#messageConverters matched:
      - @ConditionalOnMissingBean (types: org.springframework.boot.autoconfigure.web.HttpMessageConverters; SearchStrategy: all) did not find any beans (OnBeanCondition)

   HttpMessageConvertersAutoConfiguration.StringHttpMessageConverterConfiguration matched:
      - @ConditionalOnClass found required class 'org.springframework.http.converter.StringHttpMessageConverter'; @ConditionalOnMissingClass did not find unwanted class (OnClassCondition)

   HttpMessageConvertersAutoConfiguration.StringHttpMessageConverterConfiguration#stringHttpMessageConverter matched:
      - @ConditionalOnMissingBean (types: org.springframework.http.converter.StringHttpMessageConverter; SearchStrategy: all) did not find any beans (OnBeanCondition)

   JacksonAutoConfiguration matched:
      - @ConditionalOnClass found required class 'com.fasterxml.jackson.databind.ObjectMapper'; @ConditionalOnMissingClass did not find unwanted class (OnClassCondition)

   JacksonAutoConfiguration.Jackson2ObjectMapperBuilderCustomizerConfiguration matched:
      - @ConditionalOnClass found required classes 'com.fasterxml.jackson.databind.ObjectMapper', 'org.springframework.http.converter.json.Jackson2ObjectMapperBuilder'; @ConditionalOnMissingClass did not find unwanted class (OnClassCondition)

   JacksonAutoConfiguration.JacksonObjectMapperBuilderConfiguration matched:
      - @ConditionalOnClass found required classes 'com.fasterxml.jackson.databind.ObjectMapper', 'org.springframework.http.converter.json.Jackson2ObjectMapperBuilder'; @ConditionalOnMissingClass did not find unwanted class (OnClassCondition)

   JacksonAutoConfiguration.JacksonObjectMapperBuilderConfiguration#jacksonObjectMapperBuilder matched:
      - @ConditionalOnMissingBean (types: org.springframework.http.converter.json.Jackson2ObjectMapperBuilder; SearchStrategy: all) did not find any beans (OnBeanCondition)

   JacksonAutoConfiguration.JacksonObjectMapperConfiguration matched:
      - @ConditionalOnClass found required classes 'com.fasterxml.jackson.databind.ObjectMapper', 'org.springframework.http.converter.json.Jackson2ObjectMapperBuilder'; @ConditionalOnMissingClass did not find unwanted class (OnClassCondition)

   JacksonAutoConfiguration.JacksonObjectMapperConfiguration#jacksonObjectMapper matched:
      - @ConditionalOnMissingBean (types: com.fasterxml.jackson.databind.ObjectMapper; SearchStrategy: all) did not find any beans (OnBeanCondition)

   JacksonHttpMessageConvertersConfiguration.MappingJackson2HttpMessageConverterConfiguration matched:
      - @ConditionalOnClass found required class 'com.fasterxml.jackson.databind.ObjectMapper'; @ConditionalOnMissingClass did not find unwanted class (OnClassCondition)
      - @ConditionalOnProperty (spring.http.converters.preferred-json-mapper=jackson) matched (OnPropertyCondition)
      - @ConditionalOnBean (types: com.fasterxml.jackson.databind.ObjectMapper; SearchStrategy: all) found bean 'jacksonObjectMapper' (OnBeanCondition)

   JacksonHttpMessageConvertersConfiguration.MappingJackson2HttpMessageConverterConfiguration#mappingJackson2HttpMessageConverter matched:
      - @ConditionalOnMissingBean (types: org.springframework.http.converter.json.MappingJackson2HttpMessageConverter; SearchStrategy: all) did not find any beans (OnBeanCondition)

   JdbcTemplateAutoConfiguration matched:
      - @ConditionalOnClass found required classes 'javax.sql.DataSource', 'org.springframework.jdbc.core.JdbcTemplate'; @ConditionalOnMissingClass did not find unwanted class (OnClassCondition)
      - @ConditionalOnSingleCandidate (types: javax.sql.DataSource; SearchStrategy: all) found a primary bean from beans 'dataSource' (OnBeanCondition)

   JdbcTemplateAutoConfiguration#jdbcTemplate matched:
      - @ConditionalOnMissingBean (types: org.springframework.jdbc.core.JdbcOperations; SearchStrategy: all) did not find any beans (OnBeanCondition)

   JdbcTemplateAutoConfiguration#namedParameterJdbcTemplate matched:
      - @ConditionalOnMissingBean (types: org.springframework.jdbc.core.namedparam.NamedParameterJdbcOperations; SearchStrategy: all) did not find any beans (OnBeanCondition)

   JmxAutoConfiguration matched:
      - @ConditionalOnClass found required class 'org.springframework.jmx.export.MBeanExporter'; @ConditionalOnMissingClass did not find unwanted class (OnClassCondition)
      - @ConditionalOnProperty (spring.jmx.enabled=true) matched (OnPropertyCondition)

   JmxAutoConfiguration#mbeanExporter matched:
      - @ConditionalOnMissingBean (types: org.springframework.jmx.export.MBeanExporter; SearchStrategy: current) did not find any beans (OnBeanCondition)

   JmxAutoConfiguration#mbeanServer matched:
      - @ConditionalOnMissingBean (types: javax.management.MBeanServer; SearchStrategy: all) did not find any beans (OnBeanCondition)

   JmxAutoConfiguration#objectNamingStrategy matched:
      - @ConditionalOnMissingBean (types: org.springframework.jmx.export.naming.ObjectNamingStrategy; SearchStrategy: current) did not find any beans (OnBeanCondition)

   MultipartAutoConfiguration matched:
      - @ConditionalOnClass found required classes 'javax.servlet.Servlet', 'org.springframework.web.multipart.support.StandardServletMultipartResolver', 'javax.servlet.MultipartConfigElement'; @ConditionalOnMissingClass did not find unwanted class (OnClassCondition)
      - @ConditionalOnProperty (spring.http.multipart.enabled) matched (OnPropertyCondition)

   MultipartAutoConfiguration#multipartConfigElement matched:
      - @ConditionalOnMissingBean (types: javax.servlet.MultipartConfigElement; SearchStrategy: all) did not find any beans (OnBeanCondition)

   MultipartAutoConfiguration#multipartResolver matched:
      - @ConditionalOnMissingBean (types: org.springframework.web.multipart.MultipartResolver; SearchStrategy: all) did not find any beans (OnBeanCondition)

   NoOpCacheConfiguration matched:
      - Cache org.springframework.boot.autoconfigure.cache.NoOpCacheConfiguration automatic cache type (CacheCondition)

   PersistenceExceptionTranslationAutoConfiguration matched:
      - @ConditionalOnClass found required class 'org.springframework.dao.annotation.PersistenceExceptionTranslationPostProcessor'; @ConditionalOnMissingClass did not find unwanted class (OnClassCondition)

   PersistenceExceptionTranslationAutoConfiguration#persistenceExceptionTranslationPostProcessor matched:
      - @ConditionalOnProperty (spring.dao.exceptiontranslation.enabled) matched (OnPropertyCondition)
      - @ConditionalOnMissingBean (types: org.springframework.dao.annotation.PersistenceExceptionTranslationPostProcessor; SearchStrategy: all) did not find any beans (OnBeanCondition)

   PropertyPlaceholderAutoConfiguration#propertySourcesPlaceholderConfigurer matched:
      - @ConditionalOnMissingBean (types: org.springframework.context.support.PropertySourcesPlaceholderConfigurer; SearchStrategy: current) did not find any beans (OnBeanCondition)

   RedisCacheConfiguration matched:
      - Cache org.springframework.boot.autoconfigure.cache.RedisCacheConfiguration automatic cache type (CacheCondition)

   ServerPropertiesAutoConfiguration matched:
      - @ConditionalOnWebApplication (required) found StandardServletEnvironment (OnWebApplicationCondition)

   ServerPropertiesAutoConfiguration#serverProperties matched:
      - @ConditionalOnMissingBean (types: org.springframework.boot.autoconfigure.web.ServerProperties; SearchStrategy: current) did not find any beans (OnBeanCondition)

   SimpleCacheConfiguration matched:
      - Cache org.springframework.boot.autoconfigure.cache.SimpleCacheConfiguration automatic cache type (CacheCondition)

   SpringApplicationAdminJmxAutoConfiguration matched:
      - @ConditionalOnProperty (spring.application.admin.enabled=true) matched (OnPropertyCondition)

   SpringApplicationAdminJmxAutoConfiguration#springApplicationAdminRegistrar matched:
      - @ConditionalOnMissingBean (types: org.springframework.boot.admin.SpringApplicationAdminMXBeanRegistrar; SearchStrategy: all) did not find any beans (OnBeanCondition)

   TransactionAutoConfiguration matched:
      - @ConditionalOnClass found required class 'org.springframework.transaction.PlatformTransactionManager'; @ConditionalOnMissingClass did not find unwanted class (OnClassCondition)

   TransactionAutoConfiguration#platformTransactionManagerCustomizers matched:
      - @ConditionalOnMissingBean (types: org.springframework.boot.autoconfigure.transaction.TransactionManagerCustomizers; SearchStrategy: all) did not find any beans (OnBeanCondition)

   TransactionAutoConfiguration.EnableTransactionManagementConfiguration matched:
      - @ConditionalOnBean (types: org.springframework.transaction.PlatformTransactionManager; SearchStrategy: all) found bean 'transactionManager'; @ConditionalOnMissingBean (types: org.springframework.transaction.annotation.AbstractTransactionManagementConfiguration; SearchStrategy: all) did not find any beans (OnBeanCondition)

   TransactionAutoConfiguration.EnableTransactionManagementConfiguration.CglibAutoProxyConfiguration matched:
      - @ConditionalOnProperty (spring.aop.proxy-target-class=true) matched (OnPropertyCondition)

   TransactionAutoConfiguration.TransactionTemplateConfiguration matched:
      - @ConditionalOnSingleCandidate (types: org.springframework.transaction.PlatformTransactionManager; SearchStrategy: all) found a primary bean from beans 'transactionManager' (OnBeanCondition)

   TransactionAutoConfiguration.TransactionTemplateConfiguration#transactionTemplate matched:
      - @ConditionalOnMissingBean (types: org.springframework.transaction.support.TransactionTemplate; SearchStrategy: all) did not find any beans (OnBeanCondition)

   ValidationAutoConfiguration matched:
      - @ConditionalOnClass found required class 'javax.validation.executable.ExecutableValidator'; @ConditionalOnMissingClass did not find unwanted class (OnClassCondition)
      - @ConditionalOnResource found location classpath:META-INF/services/javax.validation.spi.ValidationProvider (OnResourceCondition)

   ValidationAutoConfiguration#defaultValidator matched:
      - @ConditionalOnMissingBean (types: javax.validation.Validator; SearchStrategy: all) did not find any beans (OnBeanCondition)

   ValidationAutoConfiguration#methodValidationPostProcessor matched:
      - @ConditionalOnMissingBean (types: org.springframework.validation.beanvalidation.MethodValidationPostProcessor; SearchStrategy: all) did not find any beans (OnBeanCondition)

   WebClientAutoConfiguration.RestTemplateConfiguration matched:
      - @ConditionalOnClass found required class 'org.springframework.web.client.RestTemplate'; @ConditionalOnMissingClass did not find unwanted class (OnClassCondition)

   WebClientAutoConfiguration.RestTemplateConfiguration#restTemplateBuilder matched:
      - @ConditionalOnMissingBean (types: org.springframework.boot.web.client.RestTemplateBuilder; SearchStrategy: all) did not find any beans (OnBeanCondition)

   WebMvcAutoConfiguration matched:
      - @ConditionalOnClass found required classes 'javax.servlet.Servlet', 'org.springframework.web.servlet.DispatcherServlet', 'org.springframework.web.servlet.config.annotation.WebMvcConfigurerAdapter'; @ConditionalOnMissingClass did not find unwanted class (OnClassCondition)
      - @ConditionalOnWebApplication (required) found StandardServletEnvironment (OnWebApplicationCondition)
      - @ConditionalOnMissingBean (types: org.springframework.web.servlet.config.annotation.WebMvcConfigurationSupport; SearchStrategy: all) did not find any beans (OnBeanCondition)

   WebMvcAutoConfiguration#hiddenHttpMethodFilter matched:
      - @ConditionalOnMissingBean (types: org.springframework.web.filter.HiddenHttpMethodFilter; SearchStrategy: all) did not find any beans (OnBeanCondition)

   WebMvcAutoConfiguration#httpPutFormContentFilter matched:
      - @ConditionalOnProperty (spring.mvc.formcontent.putfilter.enabled) matched (OnPropertyCondition)
      - @ConditionalOnMissingBean (types: org.springframework.web.filter.HttpPutFormContentFilter; SearchStrategy: all) did not find any beans (OnBeanCondition)

   WebMvcAutoConfiguration.WebMvcAutoConfigurationAdapter#defaultViewResolver matched:
      - @ConditionalOnMissingBean (types: org.springframework.web.servlet.view.InternalResourceViewResolver; SearchStrategy: all) did not find any beans (OnBeanCondition)

   WebMvcAutoConfiguration.WebMvcAutoConfigurationAdapter#requestContextFilter matched:
      - @ConditionalOnMissingBean (types: org.springframework.web.context.request.RequestContextListener,org.springframework.web.filter.RequestContextFilter; SearchStrategy: all) did not find any beans (OnBeanCondition)

   WebMvcAutoConfiguration.WebMvcAutoConfigurationAdapter#viewResolver matched:
      - @ConditionalOnBean (types: org.springframework.web.servlet.ViewResolver; SearchStrategy: all) found beans 'beanNameViewResolver', 'defaultViewResolver', 'mvcViewResolver'; @ConditionalOnMissingBean (names: viewResolver; types: org.springframework.web.servlet.view.ContentNegotiatingViewResolver; SearchStrategy: all) did not find any beans (OnBeanCondition)

   WebMvcAutoConfiguration.WebMvcAutoConfigurationAdapter.FaviconConfiguration matched:
      - @ConditionalOnProperty (spring.mvc.favicon.enabled) matched (OnPropertyCondition)

   WebSocketAutoConfiguration matched:
      - @ConditionalOnClass found required classes 'javax.servlet.Servlet', 'javax.websocket.server.ServerContainer'; @ConditionalOnMissingClass did not find unwanted class (OnClassCondition)
      - @ConditionalOnWebApplication (required) found StandardServletEnvironment (OnWebApplicationCondition)

   WebSocketAutoConfiguration.TomcatWebSocketConfiguration matched:
      - @ConditionalOnClass found required classes 'org.apache.catalina.startup.Tomcat', 'org.apache.tomcat.websocket.server.WsSci'; @ConditionalOnMissingClass did not find unwanted class (OnClassCondition)

   WebSocketAutoConfiguration.TomcatWebSocketConfiguration#websocketContainerCustomizer matched:
      - @ConditionalOnJava (1.7 or newer) found 1.8 (OnJavaCondition)
      - @ConditionalOnMissingBean (names: websocketContainerCustomizer; SearchStrategy: all) did not find any beans (OnBeanCondition)


Negative matches:
-----------------

   ActiveMQAutoConfiguration:
      Did not match:
         - @ConditionalOnClass did not find required classes 'javax.jms.ConnectionFactory', 'org.apache.activemq.ActiveMQConnectionFactory' (OnClassCondition)

   AopAutoConfiguration:
      Did not match:
         - @ConditionalOnClass did not find required classes 'org.aspectj.lang.annotation.Aspect', 'org.aspectj.lang.reflect.Advice' (OnClassCondition)

   ArtemisAutoConfiguration:
      Did not match:
         - @ConditionalOnClass did not find required classes 'javax.jms.ConnectionFactory', 'org.apache.activemq.artemis.jms.client.ActiveMQConnectionFactory' (OnClassCondition)

   BatchAutoConfiguration:
      Did not match:
         - @ConditionalOnClass did not find required class 'org.springframework.batch.core.launch.JobLauncher' (OnClassCondition)

   CacheAutoConfiguration:
      Did not match:
         - @ConditionalOnBean (types: org.springframework.cache.interceptor.CacheAspectSupport; SearchStrategy: all) did not find any beans (OnBeanCondition)
      Matched:
         - @ConditionalOnClass found required class 'org.springframework.cache.CacheManager'; @ConditionalOnMissingClass did not find unwanted class (OnClassCondition)

   CacheAutoConfiguration.CacheManagerJpaDependencyConfiguration:
      Did not match:
         - @ConditionalOnClass did not find required class 'org.springframework.orm.jpa.LocalContainerEntityManagerFactoryBean' (OnClassCondition)
         - Ancestor org.springframework.boot.autoconfigure.cache.CacheAutoConfiguration did not match (ConditionEvaluationReport.AncestorsMatchedCondition)

   CaffeineCacheConfiguration:
      Did not match:
         - @ConditionalOnClass did not find required classes 'com.github.benmanes.caffeine.cache.Caffeine', 'org.springframework.cache.caffeine.CaffeineCacheManager' (OnClassCondition)

   CassandraAutoConfiguration:
      Did not match:
         - @ConditionalOnClass did not find required class 'com.datastax.driver.core.Cluster' (OnClassCondition)

   CassandraDataAutoConfiguration:
      Did not match:
         - @ConditionalOnClass did not find required classes 'com.datastax.driver.core.Cluster', 'org.springframework.data.cassandra.core.CassandraAdminOperations' (OnClassCondition)

   CassandraRepositoriesAutoConfiguration:
      Did not match:
         - @ConditionalOnClass did not find required classes 'com.datastax.driver.core.Session', 'org.springframework.data.cassandra.repository.CassandraRepository' (OnClassCondition)

   CloudAutoConfiguration:
      Did not match:
         - @ConditionalOnClass did not find required class 'org.springframework.cloud.config.java.CloudScanConfiguration' (OnClassCondition)

   CouchbaseAutoConfiguration:
      Did not match:
         - @ConditionalOnClass did not find required classes 'com.couchbase.client.java.CouchbaseBucket', 'com.couchbase.client.java.Cluster' (OnClassCondition)

   CouchbaseCacheConfiguration:
      Did not match:
         - @ConditionalOnClass did not find required classes 'com.couchbase.client.java.Bucket', 'com.couchbase.client.spring.cache.CouchbaseCacheManager' (OnClassCondition)

   CouchbaseDataAutoConfiguration:
      Did not match:
         - @ConditionalOnClass did not find required classes 'com.couchbase.client.java.Bucket', 'org.springframework.data.couchbase.repository.CouchbaseRepository' (OnClassCondition)

   CouchbaseRepositoriesAutoConfiguration:
      Did not match:
         - @ConditionalOnClass did not find required classes 'com.couchbase.client.java.Bucket', 'org.springframework.data.couchbase.repository.CouchbaseRepository' (OnClassCondition)

   DataSourceAutoConfiguration.EmbeddedDatabaseConfiguration:
      Did not match:
         - EmbeddedDataSource found supported pooled data source (DataSourceAutoConfiguration.EmbeddedDatabaseCondition)

   DataSourceAutoConfiguration.PooledDataSourceConfiguration:
      Did not match:
         - @ConditionalOnMissingBean (types: javax.sql.DataSource,javax.sql.XADataSource; SearchStrategy: all) found bean 'dataSource' (OnBeanCondition)
      Matched:
         - AnyNestedCondition 1 matched 1 did not; NestedCondition on DataSourceAutoConfiguration.PooledDataSourceCondition.PooledDataSourceAvailable PooledDataSource found supported DataSource; NestedCondition on DataSourceAutoConfiguration.PooledDataSourceCondition.ExplicitType @ConditionalOnProperty (spring.datasource.type) did not find property 'type' (DataSourceAutoConfiguration.PooledDataSourceCondition)

   DataSourceAutoConfiguration.TomcatDataSourceJmxConfiguration:
      Did not match:
         - @ConditionalOnProperty (spring.datasource.jmx-enabled) did not find property 'jmx-enabled' (OnPropertyCondition)
      Matched:
         - @ConditionalOnClass found required class 'org.apache.tomcat.jdbc.pool.DataSourceProxy'; @ConditionalOnMissingClass did not find unwanted class (OnClassCondition)

   DataSourceConfiguration.Dbcp:
      Did not match:
         - @ConditionalOnClass did not find required class 'org.apache.commons.dbcp.BasicDataSource' (OnClassCondition)

   DataSourceConfiguration.Dbcp2:
      Did not match:
         - @ConditionalOnClass did not find required class 'org.apache.commons.dbcp2.BasicDataSource' (OnClassCondition)

   DataSourceConfiguration.Generic:
      Did not match:
         - @ConditionalOnProperty (spring.datasource.type) did not find property 'spring.datasource.type' (OnPropertyCondition)

   DataSourceConfiguration.Hikari:
      Did not match:
         - @ConditionalOnClass did not find required class 'com.zaxxer.hikari.HikariDataSource' (OnClassCondition)

   DataSourcePoolMetadataProvidersConfiguration.CommonsDbcp2PoolDataSourceMetadataProviderConfiguration:
      Did not match:
         - @ConditionalOnClass did not find required class 'org.apache.commons.dbcp2.BasicDataSource' (OnClassCondition)

   DataSourcePoolMetadataProvidersConfiguration.CommonsDbcpPoolDataSourceMetadataProviderConfiguration:
      Did not match:
         - @ConditionalOnClass did not find required class 'org.apache.commons.dbcp.BasicDataSource' (OnClassCondition)

   DataSourcePoolMetadataProvidersConfiguration.HikariPoolDataSourceMetadataProviderConfiguration:
      Did not match:
         - @ConditionalOnClass did not find required class 'com.zaxxer.hikari.HikariDataSource' (OnClassCondition)

   DeviceDelegatingViewResolverAutoConfiguration:
      Did not match:
         - @ConditionalOnClass did not find required class 'org.springframework.mobile.device.view.LiteDeviceDelegatingViewResolver' (OnClassCondition)

   DeviceResolverAutoConfiguration:
      Did not match:
         - @ConditionalOnClass did not find required classes 'org.springframework.mobile.device.DeviceResolverHandlerInterceptor', 'org.springframework.mobile.device.DeviceHandlerMethodArgumentResolver' (OnClassCondition)

   DispatcherServletAutoConfiguration.DispatcherServletConfiguration#multipartResolver:
      Did not match:
         - @ConditionalOnBean (types: org.springframework.web.multipart.MultipartResolver; SearchStrategy: all) did not find any beans (OnBeanCondition)

   DruidFilterConfiguration#commonsLogFilter:
      Did not match:
         - @ConditionalOnProperty (spring.datasource.druid.filter.commons-log.enabled) did not find property 'enabled' (OnPropertyCondition)

   DruidFilterConfiguration#configFilter:
      Did not match:
         - @ConditionalOnProperty (spring.datasource.druid.filter.config.enabled) did not find property 'enabled' (OnPropertyCondition)

   DruidFilterConfiguration#encodingConvertFilter:
      Did not match:
         - @ConditionalOnProperty (spring.datasource.druid.filter.encoding.enabled) did not find property 'enabled' (OnPropertyCondition)

   DruidFilterConfiguration#log4j2Filter:
      Did not match:
         - @ConditionalOnProperty (spring.datasource.druid.filter.log4j2.enabled) did not find property 'enabled' (OnPropertyCondition)

   DruidFilterConfiguration#log4jFilter:
      Did not match:
         - @ConditionalOnProperty (spring.datasource.druid.filter.log4j.enabled) did not find property 'enabled' (OnPropertyCondition)

   DruidFilterConfiguration#slf4jLogFilter:
      Did not match:
         - @ConditionalOnProperty (spring.datasource.druid.filter.slf4j.enabled) did not find property 'enabled' (OnPropertyCondition)

   DruidFilterConfiguration#wallConfig:
      Did not match:
         - @ConditionalOnProperty (spring.datasource.druid.filter.wall.enabled) did not find property 'enabled' (OnPropertyCondition)

   DruidFilterConfiguration#wallFilter:
      Did not match:
         - @ConditionalOnProperty (spring.datasource.druid.filter.wall.enabled) did not find property 'enabled' (OnPropertyCondition)

   DruidSpringAopConfiguration:
      Did not match:
         - @ConditionalOnProperty (spring.datasource.druid.aop-patterns) did not find property 'spring.datasource.druid.aop-patterns' (OnPropertyCondition)

   EhCacheCacheConfiguration:
      Did not match:
         - @ConditionalOnClass did not find required classes 'net.sf.ehcache.Cache', 'org.springframework.cache.ehcache.EhCacheCacheManager' (OnClassCondition)

   ElasticsearchAutoConfiguration:
      Did not match:
         - @ConditionalOnClass did not find required classes 'org.elasticsearch.client.Client', 'org.springframework.data.elasticsearch.client.TransportClientFactoryBean', 'org.springframework.data.elasticsearch.client.NodeClientFactoryBean' (OnClassCondition)

   ElasticsearchDataAutoConfiguration:
      Did not match:
         - @ConditionalOnClass did not find required classes 'org.elasticsearch.client.Client', 'org.springframework.data.elasticsearch.core.ElasticsearchTemplate' (OnClassCondition)

   ElasticsearchRepositoriesAutoConfiguration:
      Did not match:
         - @ConditionalOnClass did not find required classes 'org.elasticsearch.client.Client', 'org.springframework.data.elasticsearch.repository.ElasticsearchRepository' (OnClassCondition)

   EmbeddedLdapAutoConfiguration:
      Did not match:
         - @ConditionalOnClass did not find required class 'com.unboundid.ldap.listener.InMemoryDirectoryServer' (OnClassCondition)

   EmbeddedMongoAutoConfiguration:
      Did not match:
         - @ConditionalOnClass did not find required classes 'com.mongodb.Mongo', 'de.flapdoodle.embed.mongo.MongodStarter' (OnClassCondition)

   EmbeddedServletContainerAutoConfiguration.EmbeddedJetty:
      Did not match:
         - @ConditionalOnClass did not find required classes 'org.eclipse.jetty.server.Server', 'org.eclipse.jetty.util.Loader', 'org.eclipse.jetty.webapp.WebAppContext' (OnClassCondition)

   EmbeddedServletContainerAutoConfiguration.EmbeddedUndertow:
      Did not match:
         - @ConditionalOnClass did not find required classes 'io.undertow.Undertow', 'org.xnio.SslClientAuthMode' (OnClassCondition)

   FacebookAutoConfiguration:
      Did not match:
         - @ConditionalOnClass did not find required classes 'org.springframework.social.config.annotation.SocialConfigurerAdapter', 'org.springframework.social.facebook.connect.FacebookConnectionFactory' (OnClassCondition)

   FallbackWebSecurityAutoConfiguration:
      Did not match:
         - @ConditionalOnClass did not find required class 'org.springframework.security.config.annotation.web.configuration.EnableWebSecurity' (OnClassCondition)

   FlywayAutoConfiguration:
      Did not match:
         - @ConditionalOnClass did not find required class 'org.flywaydb.core.Flyway' (OnClassCondition)

   FreeMarkerAutoConfiguration:
      Did not match:
         - @ConditionalOnClass did not find required classes 'freemarker.template.Configuration', 'org.springframework.ui.freemarker.FreeMarkerConfigurationFactory' (OnClassCondition)

   GroovyTemplateAutoConfiguration:
      Did not match:
         - @ConditionalOnClass did not find required class 'groovy.text.markup.MarkupTemplateEngine' (OnClassCondition)

   GsonAutoConfiguration:
      Did not match:
         - @ConditionalOnClass did not find required class 'com.google.gson.Gson' (OnClassCondition)

   GsonHttpMessageConvertersConfiguration:
      Did not match:
         - @ConditionalOnClass did not find required class 'com.google.gson.Gson' (OnClassCondition)

   GuavaCacheConfiguration:
      Did not match:
         - @ConditionalOnClass did not find required class 'org.springframework.cache.guava.GuavaCacheManager' (OnClassCondition)

   H2ConsoleAutoConfiguration:
      Did not match:
         - @ConditionalOnClass did not find required class 'org.h2.server.web.WebServlet' (OnClassCondition)

   HazelcastAutoConfiguration:
      Did not match:
         - @ConditionalOnClass did not find required class 'com.hazelcast.core.HazelcastInstance' (OnClassCondition)

   HazelcastCacheConfiguration:
      Did not match:
         - @ConditionalOnClass did not find required classes 'com.hazelcast.core.HazelcastInstance', 'com.hazelcast.spring.cache.HazelcastCacheManager' (OnClassCondition)

   HazelcastJpaDependencyAutoConfiguration:
      Did not match:
         - @ConditionalOnClass did not find required classes 'com.hazelcast.core.HazelcastInstance', 'org.springframework.orm.jpa.LocalContainerEntityManagerFactoryBean' (OnClassCondition)

   HibernateJpaAutoConfiguration:
      Did not match:
         - @ConditionalOnClass did not find required class 'org.springframework.orm.jpa.LocalContainerEntityManagerFactoryBean' (OnClassCondition)

   HypermediaAutoConfiguration:
      Did not match:
         - @ConditionalOnClass did not find required class 'org.springframework.hateoas.Resource' (OnClassCondition)

   InfinispanCacheConfiguration:
      Did not match:
         - @ConditionalOnClass did not find required class 'org.infinispan.spring.provider.SpringEmbeddedCacheManager' (OnClassCondition)

   IntegrationAutoConfiguration:
      Did not match:
         - @ConditionalOnClass did not find required class 'org.springframework.integration.config.EnableIntegration' (OnClassCondition)

   JCacheCacheConfiguration:
      Did not match:
         - @ConditionalOnClass did not find required classes 'javax.cache.Caching', 'org.springframework.cache.jcache.JCacheCacheManager' (OnClassCondition)

   JacksonAutoConfiguration.JodaDateTimeJacksonConfiguration:
      Did not match:
         - @ConditionalOnClass did not find required classes 'org.joda.time.DateTime', 'com.fasterxml.jackson.datatype.joda.ser.DateTimeSerializer', 'com.fasterxml.jackson.datatype.joda.cfg.JacksonJodaDateFormat' (OnClassCondition)

   JacksonAutoConfiguration.ParameterNamesModuleConfiguration:
      Did not match:
         - @ConditionalOnClass did not find required class 'com.fasterxml.jackson.module.paramnames.ParameterNamesModule' (OnClassCondition)

   JacksonHttpMessageConvertersConfiguration.MappingJackson2XmlHttpMessageConverterConfiguration:
      Did not match:
         - @ConditionalOnClass did not find required class 'com.fasterxml.jackson.dataformat.xml.XmlMapper' (OnClassCondition)

   JerseyAutoConfiguration:
      Did not match:
         - @ConditionalOnClass did not find required class 'org.glassfish.jersey.server.spring.SpringComponentProvider' (OnClassCondition)

   JestAutoConfiguration:
      Did not match:
         - @ConditionalOnClass did not find required class 'io.searchbox.client.JestClient' (OnClassCondition)

   JmsAutoConfiguration:
      Did not match:
         - @ConditionalOnClass did not find required classes 'javax.jms.Message', 'org.springframework.jms.core.JmsTemplate' (OnClassCondition)

   JndiConnectionFactoryAutoConfiguration:
      Did not match:
         - @ConditionalOnClass did not find required class 'org.springframework.jms.core.JmsTemplate' (OnClassCondition)

   JndiDataSourceAutoConfiguration:
      Did not match:
         - @ConditionalOnProperty (spring.datasource.jndi-name) did not find property 'jndi-name' (OnPropertyCondition)
      Matched:
         - @ConditionalOnClass found required classes 'javax.sql.DataSource', 'org.springframework.jdbc.datasource.embedded.EmbeddedDatabaseType'; @ConditionalOnMissingClass did not find unwanted class (OnClassCondition)

   JooqAutoConfiguration:
      Did not match:
         - @ConditionalOnClass did not find required class 'org.jooq.DSLContext' (OnClassCondition)

   JpaRepositoriesAutoConfiguration:
      Did not match:
         - @ConditionalOnClass did not find required class 'org.springframework.data.jpa.repository.JpaRepository' (OnClassCondition)

   JtaAutoConfiguration:
      Did not match:
         - @ConditionalOnClass did not find required class 'javax.transaction.Transaction' (OnClassCondition)

   KafkaAutoConfiguration:
      Did not match:
         - @ConditionalOnClass did not find required class 'org.springframework.kafka.core.KafkaTemplate' (OnClassCondition)

   LdapAutoConfiguration:
      Did not match:
         - @ConditionalOnClass did not find required class 'org.springframework.ldap.core.ContextSource' (OnClassCondition)

   LdapDataAutoConfiguration:
      Did not match:
         - @ConditionalOnClass did not find required class 'org.springframework.data.ldap.repository.LdapRepository' (OnClassCondition)

   LdapRepositoriesAutoConfiguration:
      Did not match:
         - @ConditionalOnClass did not find required class 'org.springframework.data.ldap.repository.LdapRepository' (OnClassCondition)

   LinkedInAutoConfiguration:
      Did not match:
         - @ConditionalOnClass did not find required classes 'org.springframework.social.config.annotation.SocialConfigurerAdapter', 'org.springframework.social.linkedin.connect.LinkedInConnectionFactory' (OnClassCondition)

   LiquibaseAutoConfiguration:
      Did not match:
         - @ConditionalOnClass did not find required class 'liquibase.integration.spring.SpringLiquibase' (OnClassCondition)

   MailSenderAutoConfiguration:
      Did not match:
         - @ConditionalOnClass did not find required class 'javax.mail.internet.MimeMessage' (OnClassCondition)

   MailSenderValidatorAutoConfiguration:
      Did not match:
         - @ConditionalOnProperty (spring.mail.test-connection) did not find property 'test-connection' (OnPropertyCondition)

   MessageSourceAutoConfiguration:
      Did not match:
         - ResourceBundle did not find bundle with basename messages (MessageSourceAutoConfiguration.ResourceBundleCondition)

   MongoAutoConfiguration:
      Did not match:
         - @ConditionalOnClass did not find required class 'com.mongodb.MongoClient' (OnClassCondition)

   MongoDataAutoConfiguration:
      Did not match:
         - @ConditionalOnClass did not find required classes 'com.mongodb.Mongo', 'org.springframework.data.mongodb.core.MongoTemplate' (OnClassCondition)

   MongoRepositoriesAutoConfiguration:
      Did not match:
         - @ConditionalOnClass did not find required classes 'com.mongodb.Mongo', 'org.springframework.data.mongodb.repository.MongoRepository' (OnClassCondition)

   MustacheAutoConfiguration:
      Did not match:
         - @ConditionalOnClass did not find required class 'com.samskivert.mustache.Mustache' (OnClassCondition)

   Neo4jDataAutoConfiguration:
      Did not match:
         - @ConditionalOnClass did not find required classes 'org.neo4j.ogm.session.SessionFactory', 'org.springframework.data.neo4j.transaction.Neo4jTransactionManager' (OnClassCondition)

   Neo4jRepositoriesAutoConfiguration:
      Did not match:
         - @ConditionalOnClass did not find required classes 'org.neo4j.ogm.session.Neo4jSession', 'org.springframework.data.neo4j.repository.GraphRepository' (OnClassCondition)

   OAuth2AutoConfiguration:
      Did not match:
         - @ConditionalOnClass did not find required class 'org.springframework.security.oauth2.common.OAuth2AccessToken' (OnClassCondition)

   ProjectInfoAutoConfiguration#buildProperties:
      Did not match:
         - @ConditionalOnResource did not find resource '${spring.info.build.location:classpath:META-INF/build-info.properties}' (OnResourceCondition)

   ProjectInfoAutoConfiguration#gitProperties:
      Did not match:
         - GitResource did not find git info at classpath:git.properties (ProjectInfoAutoConfiguration.GitResourceAvailableCondition)

   RabbitAutoConfiguration:
      Did not match:
         - @ConditionalOnClass did not find required classes 'org.springframework.amqp.rabbit.core.RabbitTemplate', 'com.rabbitmq.client.Channel' (OnClassCondition)

   ReactorAutoConfiguration:
      Did not match:
         - @ConditionalOnClass did not find required classes 'reactor.spring.context.config.EnableReactor', 'reactor.Environment' (OnClassCondition)

   RedisAutoConfiguration:
      Did not match:
         - @ConditionalOnClass did not find required classes 'org.springframework.data.redis.connection.jedis.JedisConnection', 'org.springframework.data.redis.core.RedisOperations', 'redis.clients.jedis.Jedis' (OnClassCondition)

   RedisRepositoriesAutoConfiguration:
      Did not match:
         - @ConditionalOnClass did not find required classes 'redis.clients.jedis.Jedis', 'org.springframework.data.redis.repository.configuration.EnableRedisRepositories' (OnClassCondition)

   RepositoryRestMvcAutoConfiguration:
      Did not match:
         - @ConditionalOnClass did not find required class 'org.springframework.data.rest.webmvc.config.RepositoryRestMvcConfiguration' (OnClassCondition)

   SecurityAutoConfiguration:
      Did not match:
         - @ConditionalOnClass did not find required classes 'org.springframework.security.authentication.AuthenticationManager', 'org.springframework.security.config.annotation.authentication.configurers.GlobalAuthenticationConfigurerAdapter' (OnClassCondition)

   SecurityFilterAutoConfiguration:
      Did not match:
         - @ConditionalOnClass did not find required classes 'org.springframework.security.web.context.AbstractSecurityWebApplicationInitializer', 'org.springframework.security.config.http.SessionCreationPolicy' (OnClassCondition)

   SendGridAutoConfiguration:
      Did not match:
         - @ConditionalOnClass did not find required class 'com.sendgrid.SendGrid' (OnClassCondition)

   SessionAutoConfiguration:
      Did not match:
         - @ConditionalOnClass did not find required class 'org.springframework.session.Session' (OnClassCondition)

   SitePreferenceAutoConfiguration:
      Did not match:
         - @ConditionalOnClass did not find required classes 'org.springframework.mobile.device.site.SitePreferenceHandlerInterceptor', 'org.springframework.mobile.device.site.SitePreferenceHandlerMethodArgumentResolver' (OnClassCondition)

   SocialWebAutoConfiguration:
      Did not match:
         - @ConditionalOnClass did not find required classes 'org.springframework.social.connect.web.ConnectController', 'org.springframework.social.config.annotation.SocialConfigurerAdapter' (OnClassCondition)

   SolrAutoConfiguration:
      Did not match:
         - @ConditionalOnClass did not find required classes 'org.apache.solr.client.solrj.impl.HttpSolrClient', 'org.apache.solr.client.solrj.impl.CloudSolrClient' (OnClassCondition)

   SolrRepositoriesAutoConfiguration:
      Did not match:
         - @ConditionalOnClass did not find required classes 'org.apache.solr.client.solrj.SolrClient', 'org.springframework.data.solr.repository.SolrRepository' (OnClassCondition)

   SpringDataWebAutoConfiguration:
      Did not match:
         - @ConditionalOnClass did not find required class 'org.springframework.data.web.PageableHandlerMethodArgumentResolver' (OnClassCondition)

   ThymeleafAutoConfiguration:
      Did not match:
         - @ConditionalOnClass did not find required class 'org.thymeleaf.spring4.SpringTemplateEngine' (OnClassCondition)

   TransactionAutoConfiguration.EnableTransactionManagementConfiguration.JdkDynamicAutoProxyConfiguration:
      Did not match:
         - @ConditionalOnProperty (spring.aop.proxy-target-class=false) did not find property 'proxy-target-class' (OnPropertyCondition)

   TwitterAutoConfiguration:
      Did not match:
         - @ConditionalOnClass did not find required classes 'org.springframework.social.config.annotation.SocialConfigurerAdapter', 'org.springframework.social.twitter.connect.TwitterConnectionFactory' (OnClassCondition)

   WebMvcAutoConfiguration.ResourceChainCustomizerConfiguration:
      Did not match:
         - @ConditionalOnEnabledResourceChain did not find class org.webjars.WebJarAssetLocator (OnEnabledResourceChainCondition)

   WebMvcAutoConfiguration.WebMvcAutoConfigurationAdapter#beanNameViewResolver:
      Did not match:
         - @ConditionalOnMissingBean (types: org.springframework.web.servlet.view.BeanNameViewResolver; SearchStrategy: all) found bean 'beanNameViewResolver' (OnBeanCondition)

   WebMvcAutoConfiguration.WebMvcAutoConfigurationAdapter#dateFormatter:
      Did not match:
         - @ConditionalOnProperty (spring.mvc.date-format) did not find property 'date-format' (OnPropertyCondition)

   WebMvcAutoConfiguration.WebMvcAutoConfigurationAdapter#localeResolver:
      Did not match:
         - @ConditionalOnProperty (spring.mvc.locale) did not find property 'locale' (OnPropertyCondition)

   WebServicesAutoConfiguration:
      Did not match:
         - @ConditionalOnClass did not find required class 'org.springframework.ws.transport.http.MessageDispatcherServlet' (OnClassCondition)

   WebSocketAutoConfiguration.JettyWebSocketConfiguration:
      Did not match:
         - @ConditionalOnClass did not find required class 'org.eclipse.jetty.websocket.jsr356.server.deploy.WebSocketServerContainerInitializer' (OnClassCondition)

   WebSocketAutoConfiguration.UndertowWebSocketConfiguration:
      Did not match:
         - @ConditionalOnClass did not find required class 'io.undertow.websockets.jsr.Bootstrap' (OnClassCondition)

   WebSocketMessagingAutoConfiguration:
      Did not match:
         - @ConditionalOnClass did not find required class 'org.springframework.web.socket.config.annotation.WebSocketMessageBrokerConfigurer' (OnClassCondition)

   XADataSourceAutoConfiguration:
      Did not match:
         - @ConditionalOnClass did not find required class 'javax.transaction.TransactionManager' (OnClassCondition)


Exclusions:
-----------

    None


Unconditional classes:
----------------------

    org.springframework.boot.autoconfigure.web.WebClientAutoConfiguration

    org.springframework.boot.autoconfigure.context.PropertyPlaceholderAutoConfiguration

    org.springframework.boot.autoconfigure.context.ConfigurationPropertiesAutoConfiguration

    org.springframework.boot.autoconfigure.info.ProjectInfoAutoConfiguration



2018-04-12 21:05:21.471  INFO 11720 --- [main] s.b.c.e.t.TomcatEmbeddedServletContainer : Tomcat started on port(s): 8080 (http)
2018-04-12 21:05:21.481  INFO 11720 --- [main] c.letgym.gymcourse.GymCourseApplication  : Started GymCourseApplication in 7.705 seconds (JVM running for 8.968)
2018-04-12 21:05:28.455  INFO 11720 --- [http-nio-8080-exec-2] o.a.c.c.C.[Tomcat].[localhost].[/]       : Initializing Spring FrameworkServlet 'dispatcherServlet'
2018-04-12 21:05:28.456  INFO 11720 --- [http-nio-8080-exec-2] o.s.web.servlet.DispatcherServlet        : FrameworkServlet 'dispatcherServlet': initialization started
2018-04-12 21:05:28.489  INFO 11720 --- [http-nio-8080-exec-2] o.s.web.servlet.DispatcherServlet        : FrameworkServlet 'dispatcherServlet': initialization completed in 33 ms
2018-04-12 21:05:28.508 DEBUG 11720 --- [http-nio-8080-exec-2] o.s.b.w.f.OrderedRequestContextFilter    : Bound request context to thread: org.apache.catalina.connector.RequestFacade@42bf4efe
2018-04-12 21:05:28.593  INFO 11720 --- [http-nio-8080-exec-2] com.alibaba.druid.pool.DruidDataSource   : {dataSource-1} inited
2018-04-12 21:05:31.870  INFO 11720 --- [http-nio-8080-exec-2] c.l.g.service.impl.UserServiceImpl       : getUserDetailInfo...
2018-04-12 21:05:32.835 DEBUG 11720 --- [http-nio-8080-exec-2] o.s.b.w.f.OrderedRequestContextFilter    : Cleared thread-bound request context: org.apache.catalina.connector.RequestFacade@42bf4efe
